<?xml version="1.0" encoding="UTF-8"?>
<coverage generated="1483813691216" clover="3.2.0">
  <project timestamp="1483813691217" name="All files">
    <metrics statements="239" coveredstatements="234" conditionals="189" coveredconditionals="159" methods="49" coveredmethods="35" elements="477" coveredelements="428" complexity="0" loc="239" ncloc="239" packages="13" files="22" classes="22">
      <package name="components.FormButton">
        <metrics statements="8" coveredstatements="8" conditionals="10" coveredconditionals="8" methods="3" coveredmethods="3"/>
        <file name="index.js" path="/Users/david/Project/ReactNativeProject/TWFinTech/TWFinTech/src/components/FormButton/index.js">
          <metrics statements="6" coveredstatements="6" conditionals="6" coveredconditionals="5" methods="2" coveredmethods="2"/>
          <line num="6" count="1" type="stmt"/>
          <line num="7" count="1" type="stmt"/>
          <line num="8" count="1" type="stmt"/>
          <line num="9" count="3" type="stmt"/>
          <line num="11" count="1" type="stmt"/>
          <line num="18" count="1" type="stmt"/>
        </file>
        <file name="styles.js" path="/Users/david/Project/ReactNativeProject/TWFinTech/TWFinTech/src/components/FormButton/styles.js">
          <metrics statements="2" coveredstatements="2" conditionals="4" coveredconditionals="3" methods="1" coveredmethods="1"/>
          <line num="1" count="1" type="stmt"/>
          <line num="2" count="1" type="stmt"/>
        </file>
      </package>
      <package name="components.Header">
        <metrics statements="25" coveredstatements="23" conditionals="16" coveredconditionals="15" methods="8" coveredmethods="3"/>
        <file name="index.js" path="/Users/david/Project/ReactNativeProject/TWFinTech/TWFinTech/src/components/Header/index.js">
          <metrics statements="21" coveredstatements="19" conditionals="12" coveredconditionals="11" methods="7" coveredmethods="2"/>
          <line num="1" count="1" type="stmt"/>
          <line num="2" count="1" type="stmt"/>
          <line num="3" count="1" type="stmt"/>
          <line num="4" count="1" type="stmt"/>
          <line num="5" count="1" type="stmt"/>
          <line num="6" count="4" type="stmt"/>
          <line num="8" count="1" type="stmt"/>
          <line num="9" count="6" type="stmt"/>
          <line num="10" count="6" type="stmt"/>
          <line num="11" count="6" type="stmt"/>
          <line num="12" count="6" type="stmt"/>
          <line num="13" count="6" type="stmt"/>
          <line num="14" count="6" type="stmt"/>
          <line num="15" count="6" type="stmt"/>
          <line num="16" count="6" type="stmt"/>
          <line num="17" count="6" type="stmt"/>
          <line num="26" count="0" type="stmt"/>
          <line num="39" count="0" type="stmt"/>
          <line num="48" count="1" type="stmt"/>
          <line num="59" count="1" type="stmt"/>
          <line num="68" count="1" type="stmt"/>
        </file>
        <file name="styles.js" path="/Users/david/Project/ReactNativeProject/TWFinTech/TWFinTech/src/components/Header/styles.js">
          <metrics statements="4" coveredstatements="4" conditionals="4" coveredconditionals="4" methods="1" coveredmethods="1"/>
          <line num="1" count="1" type="stmt"/>
          <line num="2" count="1" type="stmt"/>
          <line num="3" count="3" type="stmt"/>
          <line num="4" count="1" type="stmt"/>
        </file>
      </package>
      <package name="components.ItemCheckbox">
        <metrics statements="20" coveredstatements="20" conditionals="10" coveredconditionals="9" methods="4" coveredmethods="2"/>
        <file name="index.js" path="/Users/david/Project/ReactNativeProject/TWFinTech/TWFinTech/src/components/ItemCheckbox/index.js">
          <metrics statements="20" coveredstatements="20" conditionals="10" coveredconditionals="9" methods="4" coveredmethods="2"/>
          <line num="9" count="1" type="stmt"/>
          <line num="11" count="1" type="stmt"/>
          <line num="12" count="1" type="stmt"/>
          <line num="13" count="2" type="stmt"/>
          <line num="15" count="1" type="stmt"/>
          <line num="16" count="4" type="stmt"/>
          <line num="17" count="4" type="stmt"/>
          <line num="18" count="4" type="stmt"/>
          <line num="19" count="4" type="stmt"/>
          <line num="20" count="4" type="stmt"/>
          <line num="21" count="4" type="stmt"/>
          <line num="22" count="4" type="stmt"/>
          <line num="23" count="4" type="stmt"/>
          <line num="24" count="4" type="stmt"/>
          <line num="25" count="4" type="stmt"/>
          <line num="26" count="4" type="stmt"/>
          <line num="27" count="4" type="stmt"/>
          <line num="77" count="1" type="stmt"/>
          <line num="92" count="1" type="stmt"/>
          <line num="104" count="1" type="stmt"/>
        </file>
      </package>
      <package name="components.LoginForm">
        <metrics statements="53" coveredstatements="53" conditionals="11" coveredconditionals="10" methods="4" coveredmethods="4"/>
        <file name="index.js" path="/Users/david/Project/ReactNativeProject/TWFinTech/TWFinTech/src/components/LoginForm/index.js">
          <metrics statements="41" coveredstatements="41" conditionals="7" coveredconditionals="7" methods="3" coveredmethods="3"/>
          <line num="9" count="1" type="stmt"/>
          <line num="10" count="1" type="stmt"/>
          <line num="11" count="1" type="stmt"/>
          <line num="12" count="1" type="stmt"/>
          <line num="13" count="4" type="stmt"/>
          <line num="15" count="1" type="stmt"/>
          <line num="21" count="1" type="stmt"/>
          <line num="23" count="1" type="stmt"/>
          <line num="28" count="12" type="stmt"/>
          <line num="36" count="12" type="stmt"/>
          <line num="43" count="12" type="stmt"/>
          <line num="52" count="12" type="stmt"/>
          <line num="61" count="12" type="stmt"/>
          <line num="63" count="12" type="stmt"/>
          <line num="73" count="12" type="stmt"/>
          <line num="83" count="12" type="stmt"/>
          <line num="84" count="12" type="stmt"/>
          <line num="90" count="4" type="stmt"/>
          <line num="96" count="4" type="stmt"/>
          <line num="97" count="4" type="stmt"/>
          <line num="98" count="4" type="stmt"/>
          <line num="99" count="4" type="stmt"/>
          <line num="100" count="4" type="stmt"/>
          <line num="101" count="4" type="stmt"/>
          <line num="102" count="4" type="stmt"/>
          <line num="109" count="5" type="stmt"/>
          <line num="113" count="5" type="stmt"/>
          <line num="114" count="5" type="stmt"/>
          <line num="115" count="5" type="stmt"/>
          <line num="116" count="5" type="stmt"/>
          <line num="117" count="5" type="stmt"/>
          <line num="118" count="5" type="stmt"/>
          <line num="125" count="3" type="stmt"/>
          <line num="128" count="3" type="stmt"/>
          <line num="129" count="3" type="stmt"/>
          <line num="130" count="3" type="stmt"/>
          <line num="131" count="3" type="stmt"/>
          <line num="134" count="12" type="stmt"/>
          <line num="135" count="12" type="stmt"/>
          <line num="143" count="1" type="stmt"/>
          <line num="147" count="1" type="stmt"/>
        </file>
        <file name="styles.js" path="/Users/david/Project/ReactNativeProject/TWFinTech/TWFinTech/src/components/LoginForm/styles.js">
          <metrics statements="12" coveredstatements="12" conditionals="4" coveredconditionals="3" methods="1" coveredmethods="1"/>
          <line num="4" count="1" type="stmt"/>
          <line num="6" count="1" type="stmt"/>
          <line num="7" count="1" type="stmt"/>
          <line num="8" count="1" type="stmt"/>
          <line num="9" count="1" type="stmt"/>
          <line num="10" count="1" type="stmt"/>
          <line num="11" count="1" type="stmt"/>
          <line num="12" count="1" type="stmt"/>
          <line num="13" count="1" type="stmt"/>
          <line num="14" count="1" type="stmt"/>
          <line num="16" count="1" type="stmt"/>
          <line num="179" count="1" type="stmt"/>
        </file>
      </package>
      <package name="components.TabBar">
        <metrics statements="22" coveredstatements="22" conditionals="8" coveredconditionals="7" methods="5" coveredmethods="4"/>
        <file name="index.js" path="/Users/david/Project/ReactNativeProject/TWFinTech/TWFinTech/src/components/TabBar/index.js">
          <metrics statements="20" coveredstatements="20" conditionals="4" coveredconditionals="4" methods="4" coveredmethods="3"/>
          <line num="2" count="1" type="stmt"/>
          <line num="3" count="1" type="stmt"/>
          <line num="4" count="1" type="stmt"/>
          <line num="5" count="1" type="stmt"/>
          <line num="6" count="1" type="stmt"/>
          <line num="7" count="4" type="stmt"/>
          <line num="9" count="1" type="stmt"/>
          <line num="10" count="2" type="stmt"/>
          <line num="11" count="2" type="stmt"/>
          <line num="12" count="2" type="stmt"/>
          <line num="13" count="2" type="stmt"/>
          <line num="14" count="2" type="stmt"/>
          <line num="15" count="2" type="stmt"/>
          <line num="16" count="2" type="stmt"/>
          <line num="17" count="2" type="stmt"/>
          <line num="18" count="2" type="stmt"/>
          <line num="24" count="2" type="stmt"/>
          <line num="37" count="1" type="stmt"/>
          <line num="47" count="1" type="stmt"/>
          <line num="55" count="1" type="stmt"/>
        </file>
        <file name="styles.js" path="/Users/david/Project/ReactNativeProject/TWFinTech/TWFinTech/src/components/TabBar/styles.js">
          <metrics statements="2" coveredstatements="2" conditionals="4" coveredconditionals="3" methods="1" coveredmethods="1"/>
          <line num="1" count="1" type="stmt"/>
          <line num="2" count="1" type="stmt"/>
        </file>
      </package>
      <package name="components.TouchableIcon">
        <metrics statements="20" coveredstatements="19" conditionals="10" coveredconditionals="6" methods="4" coveredmethods="2"/>
        <file name="index.js" path="/Users/david/Project/ReactNativeProject/TWFinTech/TWFinTech/src/components/TouchableIcon/index.js">
          <metrics statements="20" coveredstatements="19" conditionals="10" coveredconditionals="6" methods="4" coveredmethods="2"/>
          <line num="1" count="1" type="stmt"/>
          <line num="3" count="1" type="stmt"/>
          <line num="4" count="1" type="stmt"/>
          <line num="5" count="1" type="stmt"/>
          <line num="6" count="3" type="stmt"/>
          <line num="8" count="1" type="stmt"/>
          <line num="9" count="12" type="stmt"/>
          <line num="10" count="12" type="stmt"/>
          <line num="11" count="12" type="stmt"/>
          <line num="12" count="12" type="stmt"/>
          <line num="13" count="12" type="stmt"/>
          <line num="14" count="12" type="stmt"/>
          <line num="15" count="12" type="stmt"/>
          <line num="16" count="12" type="stmt"/>
          <line num="17" count="12" type="stmt"/>
          <line num="18" count="12" type="stmt"/>
          <line num="22" count="0" type="stmt"/>
          <line num="46" count="1" type="stmt"/>
          <line num="57" count="1" type="stmt"/>
          <line num="66" count="1" type="stmt"/>
        </file>
      </package>
      <package name="lib">
        <metrics statements="1" coveredstatements="1" conditionals="4" coveredconditionals="3" methods="1" coveredmethods="1"/>
        <file name="constants.js" path="/Users/david/Project/ReactNativeProject/TWFinTech/TWFinTech/src/lib/constants.js">
          <metrics statements="1" coveredstatements="1" conditionals="4" coveredconditionals="3" methods="1" coveredmethods="1"/>
          <line num="1" count="3" type="stmt"/>
        </file>
      </package>
      <package name="lib.i18n">
        <metrics statements="4" coveredstatements="4" conditionals="4" coveredconditionals="4" methods="1" coveredmethods="1"/>
        <file name="index.js" path="/Users/david/Project/ReactNativeProject/TWFinTech/TWFinTech/src/lib/i18n/index.js">
          <metrics statements="4" coveredstatements="4" conditionals="4" coveredconditionals="4" methods="1" coveredmethods="1"/>
          <line num="1" count="2" type="stmt"/>
          <line num="2" count="4" type="stmt"/>
          <line num="4" count="2" type="stmt"/>
          <line num="5" count="2" type="stmt"/>
        </file>
      </package>
      <package name="lib.i18n.zh-TW">
        <metrics statements="1" coveredstatements="1" conditionals="0" coveredconditionals="0" methods="0" coveredmethods="0"/>
        <file name="index.js" path="/Users/david/Project/ReactNativeProject/TWFinTech/TWFinTech/src/lib/i18n/zh-TW/index.js">
          <metrics statements="1" coveredstatements="1" conditionals="0" coveredconditionals="0" methods="0" coveredmethods="0"/>
          <line num="1" count="2" type="stmt"/>
        </file>
      </package>
      <package name="reducers.auth">
        <metrics statements="58" coveredstatements="56" conditionals="70" coveredconditionals="67" methods="5" coveredmethods="5"/>
        <file name="authFieldValidation.js" path="/Users/david/Project/ReactNativeProject/TWFinTech/TWFinTech/src/reducers/auth/authFieldValidation.js">
          <metrics statements="22" coveredstatements="20" conditionals="17" coveredconditionals="16" methods="2" coveredmethods="2"/>
          <line num="9" count="1" type="stmt"/>
          <line num="56" count="3" type="stmt"/>
          <line num="57" count="42" type="stmt"/>
          <line num="59" count="42" type="stmt"/>
          <line num="65" count="9" type="stmt"/>
          <line num="67" count="9" type="stmt"/>
          <line num="68" count="3" type="stmt"/>
          <line num="72" count="6" type="stmt"/>
          <line num="82" count="15" type="stmt"/>
          <line num="84" count="15" type="stmt"/>
          <line num="85" count="5" type="stmt"/>
          <line num="87" count="10" type="stmt"/>
          <line num="97" count="16" type="stmt"/>
          <line num="99" count="16" type="stmt"/>
          <line num="100" count="4" type="stmt"/>
          <line num="105" count="12" type="stmt"/>
          <line num="115" count="2" type="stmt"/>
          <line num="117" count="2" type="stmt"/>
          <line num="118" count="1" type="stmt"/>
          <line num="122" count="1" type="stmt"/>
          <line num="133" count="0" type="stmt"/>
          <line num="136" count="0" type="stmt"/>
        </file>
        <file name="authFormValidation.js" path="/Users/david/Project/ReactNativeProject/TWFinTech/TWFinTech/src/reducers/auth/authFormValidation.js">
          <metrics statements="13" coveredstatements="13" conditionals="23" coveredconditionals="23" methods="1" coveredmethods="1"/>
          <line num="9" count="1" type="stmt"/>
          <line num="24" count="1" type="stmt"/>
          <line num="25" count="53" type="stmt"/>
          <line num="30" count="45" type="stmt"/>
          <line num="38" count="2" type="stmt"/>
          <line num="40" count="43" type="stmt"/>
          <line num="46" count="3" type="stmt"/>
          <line num="50" count="1" type="stmt"/>
          <line num="52" count="2" type="stmt"/>
          <line num="58" count="3" type="stmt"/>
          <line num="60" count="1" type="stmt"/>
          <line num="62" count="2" type="stmt"/>
          <line num="69" count="2" type="stmt"/>
        </file>
        <file name="authInitialState.js" path="/Users/david/Project/ReactNativeProject/TWFinTech/TWFinTech/src/reducers/auth/authInitialState.js">
          <metrics statements="6" coveredstatements="6" conditionals="0" coveredconditionals="0" methods="0" coveredmethods="0"/>
          <line num="11" count="1" type="stmt"/>
          <line num="15" count="1" type="stmt"/>
          <line num="18" count="1" type="stmt"/>
          <line num="25" count="1" type="stmt"/>
          <line num="52" count="1" type="stmt"/>
          <line num="54" count="1" type="stmt"/>
        </file>
        <file name="authReducer.js" path="/Users/david/Project/ReactNativeProject/TWFinTech/TWFinTech/src/reducers/auth/authReducer.js">
          <metrics statements="17" coveredstatements="17" conditionals="30" coveredconditionals="28" methods="2" coveredmethods="2"/>
          <line num="6" count="1" type="stmt"/>
          <line num="57" count="87" type="stmt"/>
          <line num="58" count="87" type="stmt"/>
          <line num="60" count="87" type="stmt"/>
          <line num="69" count="4" type="stmt"/>
          <line num="78" count="2" type="stmt"/>
          <line num="97" count="9" type="stmt"/>
          <line num="111" count="42" type="stmt"/>
          <line num="112" count="42" type="stmt"/>
          <line num="115" count="42" type="stmt"/>
          <line num="127" count="4" type="stmt"/>
          <line num="138" count="4" type="stmt"/>
          <line num="142" count="2" type="stmt"/>
          <line num="145" count="1" type="stmt"/>
          <line num="148" count="2" type="stmt"/>
          <line num="149" count="2" type="stmt"/>
          <line num="166" count="17" type="stmt"/>
        </file>
      </package>
      <package name="reducers.device">
        <metrics statements="13" coveredstatements="13" conditionals="12" coveredconditionals="10" methods="2" coveredmethods="2"/>
        <file name="deviceInitialState.js" path="/Users/david/Project/ReactNativeProject/TWFinTech/TWFinTech/src/reducers/device/deviceInitialState.js">
          <metrics statements="4" coveredstatements="4" conditionals="0" coveredconditionals="0" methods="0" coveredmethods="0"/>
          <line num="11" count="1" type="stmt"/>
          <line num="12" count="1" type="stmt"/>
          <line num="14" count="1" type="stmt"/>
          <line num="17" count="1" type="stmt"/>
        </file>
        <file name="deviceReducer.js" path="/Users/david/Project/ReactNativeProject/TWFinTech/TWFinTech/src/reducers/device/deviceReducer.js">
          <metrics statements="9" coveredstatements="9" conditionals="12" coveredconditionals="10" methods="2" coveredmethods="2"/>
          <line num="6" count="1" type="stmt"/>
          <line num="29" count="6" type="stmt"/>
          <line num="30" count="6" type="stmt"/>
          <line num="32" count="6" type="stmt"/>
          <line num="39" count="1" type="stmt"/>
          <line num="40" count="1" type="stmt"/>
          <line num="47" count="1" type="stmt"/>
          <line num="48" count="1" type="stmt"/>
          <line num="51" count="4" type="stmt"/>
        </file>
      </package>
      <package name="styles">
        <metrics statements="13" coveredstatements="13" conditionals="34" coveredconditionals="20" methods="12" coveredmethods="8"/>
        <file name="StyleSheet.js" path="/Users/david/Project/ReactNativeProject/TWFinTech/TWFinTech/src/styles/StyleSheet.js">
          <metrics statements="12" coveredstatements="12" conditionals="26" coveredconditionals="16" methods="10" coveredmethods="7"/>
          <line num="1" count="1" type="stmt"/>
          <line num="3" count="18" type="stmt"/>
          <line num="5" count="1" type="stmt"/>
          <line num="7" count="1" type="stmt"/>
          <line num="8" count="4" type="stmt"/>
          <line num="9" count="4" type="stmt"/>
          <line num="10" count="4" type="stmt"/>
          <line num="11" count="4" type="stmt"/>
          <line num="12" count="4" type="stmt"/>
          <line num="13" count="4" type="stmt"/>
          <line num="15" count="1" type="stmt"/>
          <line num="16" count="1" type="stmt"/>
        </file>
        <file name="index.js" path="/Users/david/Project/ReactNativeProject/TWFinTech/TWFinTech/src/styles/index.js">
          <metrics statements="1" coveredstatements="1" conditionals="8" coveredconditionals="4" methods="2" coveredmethods="1"/>
          <line num="1" count="4" type="stmt"/>
        </file>
      </package>
      <package name="styles.origin">
        <metrics statements="1" coveredstatements="1" conditionals="0" coveredconditionals="0" methods="0" coveredmethods="0"/>
        <file name="index.js" path="/Users/david/Project/ReactNativeProject/TWFinTech/TWFinTech/src/styles/origin/index.js">
          <metrics statements="1" coveredstatements="1" conditionals="0" coveredconditionals="0" methods="0" coveredmethods="0"/>
          <line num="1" count="4" type="stmt"/>
        </file>
      </package>
    </metrics>
  </project>
</coverage>
