{"/Users/david/Project/ReactNativeProject/TWFinTech/TWFinTech/src/components/FormButton/index.js": {"path":"/Users/david/Project/ReactNativeProject/TWFinTech/TWFinTech/src/components/FormButton/index.js","statementMap":{"0":{"start":{"line":6,"column":13},"end":{"line":6,"column":70}},"1":{"start":{"line":7,"column":11},"end":{"line":7,"column":27}},"2":{"start":{"line":7,"column":40},"end":{"line":7,"column":70}},"3":{"start":{"line":8,"column":23},"end":{"line":8,"column":53}},"4":{"start":{"line":8,"column":78},"end":{"line":8,"column":120}},"5":{"start":{"line":9,"column":12},"end":{"line":9,"column":31}},"6":{"start":{"line":9,"column":45},"end":{"line":9,"column":76}},"7":{"start":{"line":9,"column":114},"end":{"line":9,"column":159}},"8":{"start":{"line":11,"column":15},"end":{"line":18,"column":14}},"9":{"start":{"line":11,"column":56},"end":{"line":11,"column":71}},"10":{"start":{"line":11,"column":83},"end":{"line":11,"column":98}},"11":{"start":{"line":11,"column":107},"end":{"line":11,"column":119}},"12":{"start":{"line":11,"column":120},"end":{"line":18,"column":13}},"13":{"start":{"line":18,"column":15},"end":{"line":22,"column":11}}},"fnMap":{"0":{"name":"_interopRequireDefault","decl":{"start":{"line":9,"column":86},"end":{"line":9,"column":108}},"loc":{"start":{"line":9,"column":113},"end":{"line":9,"column":160}}},"1":{"name":"FormButton","decl":{"start":{"line":11,"column":24},"end":{"line":11,"column":34}},"loc":{"start":{"line":11,"column":40},"end":{"line":18,"column":14}}}},"branchMap":{"0":{"loc":{"start":{"line":9,"column":121},"end":{"line":9,"column":158}},"type":"cond-expr","locations":[{"start":{"line":9,"column":141},"end":{"line":9,"column":144}},{"start":{"line":9,"column":145},"end":{"line":9,"column":158}}]},"1":{"loc":{"start":{"line":9,"column":121},"end":{"line":9,"column":140}},"type":"binary-expr","locations":[{"start":{"line":9,"column":121},"end":{"line":9,"column":124}},{"start":{"line":9,"column":126},"end":{"line":9,"column":140}}]},"2":{"loc":{"start":{"line":13,"column":15},"end":{"line":13,"column":82}},"type":"cond-expr","locations":[{"start":{"line":13,"column":26},"end":{"line":13,"column":55}},{"start":{"line":13,"column":56},"end":{"line":13,"column":82}}]}},"s":{"0":1,"1":1,"2":1,"3":1,"4":1,"5":1,"6":1,"7":3,"8":1,"9":1,"10":1,"11":1,"12":1,"13":1},"f":{"0":3,"1":1},"b":{"0":[2,1],"1":[3,3],"2":[0,1]},"_coverageSchema":"332fd63041d2c1bcb487cc26dd0d5f7d97098a6c","hash":"c7890a44c2338b85dcb8d151f14a1ba350b25ccb"}
,"/Users/david/Project/ReactNativeProject/TWFinTech/TWFinTech/src/components/FormButton/styles.js": {"path":"/Users/david/Project/ReactNativeProject/TWFinTech/TWFinTech/src/components/FormButton/styles.js","statementMap":{"0":{"start":{"line":1,"column":0},"end":{"line":1,"column":57}},"1":{"start":{"line":1,"column":74},"end":{"line":1,"column":97}},"2":{"start":{"line":2,"column":12},"end":{"line":2,"column":35}},"3":{"start":{"line":2,"column":49},"end":{"line":2,"column":80}},"4":{"start":{"line":2,"column":118},"end":{"line":2,"column":163}},"5":{"start":{"line":2,"column":164},"end":{"line":29,"column":33}}},"fnMap":{"0":{"name":"_interopRequireDefault","decl":{"start":{"line":2,"column":90},"end":{"line":2,"column":112}},"loc":{"start":{"line":2,"column":117},"end":{"line":2,"column":164}}}},"branchMap":{"0":{"loc":{"start":{"line":2,"column":125},"end":{"line":2,"column":162}},"type":"cond-expr","locations":[{"start":{"line":2,"column":145},"end":{"line":2,"column":148}},{"start":{"line":2,"column":149},"end":{"line":2,"column":162}}]},"1":{"loc":{"start":{"line":2,"column":125},"end":{"line":2,"column":144}},"type":"binary-expr","locations":[{"start":{"line":2,"column":125},"end":{"line":2,"column":128}},{"start":{"line":2,"column":130},"end":{"line":2,"column":144}}]}},"s":{"0":1,"1":1,"2":1,"3":1,"4":1,"5":1},"f":{"0":1},"b":{"0":[1,0],"1":[1,1]},"_coverageSchema":"332fd63041d2c1bcb487cc26dd0d5f7d97098a6c","hash":"a074f628cde9e6b32bb6bb3b66aa6ebd6e3ecce1"}
,"/Users/david/Project/ReactNativeProject/TWFinTech/TWFinTech/src/components/Header/index.js": {"path":"/Users/david/Project/ReactNativeProject/TWFinTech/TWFinTech/src/components/Header/index.js","statementMap":{"0":{"start":{"line":1,"column":13},"end":{"line":1,"column":70}},"1":{"start":{"line":2,"column":11},"end":{"line":2,"column":27}},"2":{"start":{"line":2,"column":40},"end":{"line":2,"column":70}},"3":{"start":{"line":3,"column":17},"end":{"line":3,"column":40}},"4":{"start":{"line":4,"column":12},"end":{"line":4,"column":31}},"5":{"start":{"line":4,"column":45},"end":{"line":4,"column":76}},"6":{"start":{"line":5,"column":19},"end":{"line":5,"column":46}},"7":{"start":{"line":5,"column":67},"end":{"line":5,"column":105}},"8":{"start":{"line":6,"column":13},"end":{"line":6,"column":36}},"9":{"start":{"line":6,"column":50},"end":{"line":6,"column":82}},"10":{"start":{"line":6,"column":120},"end":{"line":6,"column":165}},"11":{"start":{"line":8,"column":11},"end":{"line":42,"column":58}},"12":{"start":{"line":9,"column":11},"end":{"line":9,"column":26}},"13":{"start":{"line":10,"column":5},"end":{"line":10,"column":14}},"14":{"start":{"line":11,"column":9},"end":{"line":11,"column":22}},"15":{"start":{"line":12,"column":10},"end":{"line":12,"column":24}},"16":{"start":{"line":13,"column":14},"end":{"line":13,"column":32}},"17":{"start":{"line":14,"column":15},"end":{"line":14,"column":34}},"18":{"start":{"line":15,"column":15},"end":{"line":15,"column":34}},"19":{"start":{"line":16,"column":9},"end":{"line":16,"column":21}},"20":{"start":{"line":17,"column":16},"end":{"line":17,"column":36}},"21":{"start":{"line":17,"column":37},"end":{"line":42,"column":57}},"22":{"start":{"line":26,"column":27},"end":{"line":26,"column":45}},"23":{"start":{"line":39,"column":27},"end":{"line":39,"column":45}},"24":{"start":{"line":48,"column":0},"end":{"line":57,"column":41}},"25":{"start":{"line":59,"column":0},"end":{"line":68,"column":45}},"26":{"start":{"line":68,"column":45},"end":{"line":71,"column":7}}},"fnMap":{"0":{"name":"_interopRequireDefault","decl":{"start":{"line":6,"column":92},"end":{"line":6,"column":114}},"loc":{"start":{"line":6,"column":119},"end":{"line":6,"column":166}}},"1":{"name":"Header","decl":{"start":{"line":8,"column":20},"end":{"line":8,"column":26}},"loc":{"start":{"line":8,"column":32},"end":{"line":42,"column":58}}},"2":{"name":"onPress","decl":{"start":{"line":26,"column":17},"end":{"line":26,"column":24}},"loc":{"start":{"line":26,"column":26},"end":{"line":26,"column":46}}},"3":{"name":"onPress","decl":{"start":{"line":32,"column":17},"end":{"line":32,"column":24}},"loc":{"start":{"line":32,"column":26},"end":{"line":32,"column":28}}},"4":{"name":"onPress","decl":{"start":{"line":39,"column":17},"end":{"line":39,"column":24}},"loc":{"start":{"line":39,"column":26},"end":{"line":39,"column":46}}},"5":{"name":"onReturn","decl":{"start":{"line":62,"column":18},"end":{"line":62,"column":26}},"loc":{"start":{"line":62,"column":28},"end":{"line":62,"column":30}}},"6":{"name":"onPress","decl":{"start":{"line":67,"column":17},"end":{"line":67,"column":24}},"loc":{"start":{"line":67,"column":26},"end":{"line":67,"column":28}}}},"branchMap":{"0":{"loc":{"start":{"line":6,"column":127},"end":{"line":6,"column":164}},"type":"cond-expr","locations":[{"start":{"line":6,"column":147},"end":{"line":6,"column":150}},{"start":{"line":6,"column":151},"end":{"line":6,"column":164}}]},"1":{"loc":{"start":{"line":6,"column":127},"end":{"line":6,"column":146}},"type":"binary-expr","locations":[{"start":{"line":6,"column":127},"end":{"line":6,"column":130}},{"start":{"line":6,"column":132},"end":{"line":6,"column":146}}]},"2":{"loc":{"start":{"line":20,"column":0},"end":{"line":22,"column":4}},"type":"cond-expr","locations":[{"start":{"line":21,"column":0},"end":{"line":21,"column":80}},{"start":{"line":22,"column":0},"end":{"line":22,"column":4}}]},"3":{"loc":{"start":{"line":24,"column":0},"end":{"line":35,"column":21}},"type":"cond-expr","locations":[{"start":{"line":25,"column":0},"end":{"line":29,"column":15}},{"start":{"line":31,"column":0},"end":{"line":35,"column":21}}]},"4":{"loc":{"start":{"line":40,"column":5},"end":{"line":40,"column":22}},"type":"binary-expr","locations":[{"start":{"line":40,"column":5},"end":{"line":40,"column":14}},{"start":{"line":40,"column":16},"end":{"line":40,"column":22}}]},"5":{"loc":{"start":{"line":42,"column":6},"end":{"line":42,"column":51}},"type":"cond-expr","locations":[{"start":{"line":42,"column":23},"end":{"line":42,"column":36}},{"start":{"line":42,"column":37},"end":{"line":42,"column":51}}]}},"s":{"0":1,"1":1,"2":1,"3":1,"4":1,"5":1,"6":1,"7":1,"8":1,"9":1,"10":4,"11":1,"12":6,"13":6,"14":6,"15":6,"16":6,"17":6,"18":6,"19":6,"20":6,"21":6,"22":0,"23":0,"24":1,"25":1,"26":1},"f":{"0":4,"1":6,"2":0,"3":0,"4":0,"5":0,"6":0},"b":{"0":[3,1],"1":[4,4],"2":[6,0],"3":[5,1],"4":[6,4],"5":[4,2]},"_coverageSchema":"332fd63041d2c1bcb487cc26dd0d5f7d97098a6c","hash":"55fc31b318794dda7a780c6b16fbb37a78febc64"}
,"/Users/david/Project/ReactNativeProject/TWFinTech/TWFinTech/src/components/Header/styles.js": {"path":"/Users/david/Project/ReactNativeProject/TWFinTech/TWFinTech/src/components/Header/styles.js","statementMap":{"0":{"start":{"line":1,"column":0},"end":{"line":1,"column":57}},"1":{"start":{"line":1,"column":69},"end":{"line":1,"column":92}},"2":{"start":{"line":1,"column":106},"end":{"line":1,"column":137}},"3":{"start":{"line":2,"column":16},"end":{"line":2,"column":50}},"4":{"start":{"line":2,"column":68},"end":{"line":2,"column":103}},"5":{"start":{"line":3,"column":16},"end":{"line":3,"column":37}},"6":{"start":{"line":3,"column":55},"end":{"line":3,"column":90}},"7":{"start":{"line":3,"column":128},"end":{"line":3,"column":173}},"8":{"start":{"line":4,"column":0},"end":{"line":4,"column":34}},"9":{"start":{"line":4,"column":41},"end":{"line":4,"column":62}},"10":{"start":{"line":4,"column":63},"end":{"line":36,"column":21}}},"fnMap":{"0":{"name":"_interopRequireDefault","decl":{"start":{"line":3,"column":100},"end":{"line":3,"column":122}},"loc":{"start":{"line":3,"column":127},"end":{"line":3,"column":174}}}},"branchMap":{"0":{"loc":{"start":{"line":3,"column":135},"end":{"line":3,"column":172}},"type":"cond-expr","locations":[{"start":{"line":3,"column":155},"end":{"line":3,"column":158}},{"start":{"line":3,"column":159},"end":{"line":3,"column":172}}]},"1":{"loc":{"start":{"line":3,"column":135},"end":{"line":3,"column":154}},"type":"binary-expr","locations":[{"start":{"line":3,"column":135},"end":{"line":3,"column":138}},{"start":{"line":3,"column":140},"end":{"line":3,"column":154}}]}},"s":{"0":1,"1":1,"2":1,"3":1,"4":1,"5":1,"6":1,"7":3,"8":1,"9":1,"10":1},"f":{"0":3},"b":{"0":[2,1],"1":[3,3]},"_coverageSchema":"332fd63041d2c1bcb487cc26dd0d5f7d97098a6c","hash":"e97e5787b346569dedd59c0d2c5d737a2cedc9c7"}
,"/Users/david/Project/ReactNativeProject/TWFinTech/TWFinTech/src/components/ItemCheckbox/index.js": {"path":"/Users/david/Project/ReactNativeProject/TWFinTech/TWFinTech/src/components/ItemCheckbox/index.js","statementMap":{"0":{"start":{"line":9,"column":13},"end":{"line":9,"column":70}},"1":{"start":{"line":11,"column":11},"end":{"line":11,"column":27}},"2":{"start":{"line":11,"column":40},"end":{"line":11,"column":70}},"3":{"start":{"line":12,"column":17},"end":{"line":12,"column":40}},"4":{"start":{"line":13,"column":17},"end":{"line":13,"column":65}},"5":{"start":{"line":13,"column":84},"end":{"line":13,"column":120}},"6":{"start":{"line":13,"column":158},"end":{"line":13,"column":203}},"7":{"start":{"line":15,"column":17},"end":{"line":70,"column":11}},"8":{"start":{"line":16,"column":8},"end":{"line":16,"column":20}},"9":{"start":{"line":17,"column":10},"end":{"line":17,"column":24}},"10":{"start":{"line":18,"column":10},"end":{"line":18,"column":24}},"11":{"start":{"line":19,"column":16},"end":{"line":19,"column":36}},"12":{"start":{"line":20,"column":9},"end":{"line":20,"column":22}},"13":{"start":{"line":21,"column":6},"end":{"line":21,"column":16}},"14":{"start":{"line":22,"column":8},"end":{"line":22,"column":20}},"15":{"start":{"line":23,"column":6},"end":{"line":23,"column":16}},"16":{"start":{"line":24,"column":5},"end":{"line":24,"column":14}},"17":{"start":{"line":25,"column":9},"end":{"line":25,"column":22}},"18":{"start":{"line":26,"column":10},"end":{"line":26,"column":24}},"19":{"start":{"line":27,"column":14},"end":{"line":27,"column":32}},"20":{"start":{"line":27,"column":33},"end":{"line":70,"column":10}},"21":{"start":{"line":77,"column":0},"end":{"line":89,"column":49}},"22":{"start":{"line":92,"column":0},"end":{"line":104,"column":18}},"23":{"start":{"line":104,"column":18},"end":{"line":107,"column":13}}},"fnMap":{"0":{"name":"_interopRequireDefault","decl":{"start":{"line":13,"column":130},"end":{"line":13,"column":152}},"loc":{"start":{"line":13,"column":157},"end":{"line":13,"column":204}}},"1":{"name":"ItemCheckbox","decl":{"start":{"line":15,"column":26},"end":{"line":15,"column":38}},"loc":{"start":{"line":15,"column":44},"end":{"line":70,"column":11}}},"2":{"name":"onCheck","decl":{"start":{"line":93,"column":17},"end":{"line":93,"column":24}},"loc":{"start":{"line":93,"column":26},"end":{"line":93,"column":28}}},"3":{"name":"onUncheck","decl":{"start":{"line":94,"column":19},"end":{"line":94,"column":28}},"loc":{"start":{"line":94,"column":30},"end":{"line":94,"column":32}}}},"branchMap":{"0":{"loc":{"start":{"line":13,"column":165},"end":{"line":13,"column":202}},"type":"cond-expr","locations":[{"start":{"line":13,"column":185},"end":{"line":13,"column":188}},{"start":{"line":13,"column":189},"end":{"line":13,"column":202}}]},"1":{"loc":{"start":{"line":13,"column":165},"end":{"line":13,"column":184}},"type":"binary-expr","locations":[{"start":{"line":13,"column":165},"end":{"line":13,"column":168}},{"start":{"line":13,"column":170},"end":{"line":13,"column":184}}]},"2":{"loc":{"start":{"line":31,"column":8},"end":{"line":35,"column":7}},"type":"cond-expr","locations":[{"start":{"line":32,"column":0},"end":{"line":32,"column":4}},{"start":{"line":33,"column":0},"end":{"line":35,"column":7}}]},"3":{"loc":{"start":{"line":33,"column":0},"end":{"line":35,"column":7}},"type":"cond-expr","locations":[{"start":{"line":34,"column":0},"end":{"line":34,"column":9}},{"start":{"line":35,"column":0},"end":{"line":35,"column":7}}]},"4":{"loc":{"start":{"line":57,"column":0},"end":{"line":63,"column":4}},"type":"cond-expr","locations":[{"start":{"line":58,"column":0},"end":{"line":61,"column":13}},{"start":{"line":63,"column":0},"end":{"line":63,"column":4}}]}},"s":{"0":1,"1":1,"2":1,"3":1,"4":1,"5":1,"6":2,"7":1,"8":4,"9":4,"10":4,"11":4,"12":4,"13":4,"14":4,"15":4,"16":4,"17":4,"18":4,"19":4,"20":4,"21":1,"22":1,"23":1},"f":{"0":2,"1":4,"2":0,"3":0},"b":{"0":[0,2],"1":[2,2],"2":[2,2],"3":[1,1],"4":[2,2]},"_coverageSchema":"332fd63041d2c1bcb487cc26dd0d5f7d97098a6c","hash":"94cd594b34e5a5c942ec1864ebc487eb51ebfcf2"}
,"/Users/david/Project/ReactNativeProject/TWFinTech/TWFinTech/src/components/LoginForm/index.js": {"path":"/Users/david/Project/ReactNativeProject/TWFinTech/TWFinTech/src/components/LoginForm/index.js","statementMap":{"0":{"start":{"line":9,"column":13},"end":{"line":9,"column":70}},"1":{"start":{"line":9,"column":80},"end":{"line":9,"column":84}},"2":{"start":{"line":10,"column":11},"end":{"line":10,"column":27}},"3":{"start":{"line":10,"column":40},"end":{"line":10,"column":70}},"4":{"start":{"line":11,"column":21},"end":{"line":11,"column":49}},"5":{"start":{"line":11,"column":72},"end":{"line":11,"column":112}},"6":{"start":{"line":12,"column":12},"end":{"line":12,"column":31}},"7":{"start":{"line":12,"column":45},"end":{"line":12,"column":76}},"8":{"start":{"line":13,"column":10},"end":{"line":13,"column":35}},"9":{"start":{"line":13,"column":47},"end":{"line":13,"column":76}},"10":{"start":{"line":13,"column":114},"end":{"line":13,"column":159}},"11":{"start":{"line":15,"column":9},"end":{"line":15,"column":44}},"12":{"start":{"line":21,"column":0},"end":{"line":21,"column":38}},"13":{"start":{"line":21,"column":48},"end":{"line":21,"column":73}},"14":{"start":{"line":21,"column":80},"end":{"line":21,"column":102}},"15":{"start":{"line":21,"column":119},"end":{"line":21,"column":151}},"16":{"start":{"line":23,"column":14},"end":{"line":142,"column":1}},"17":{"start":{"line":28,"column":14},"end":{"line":28,"column":27}},"18":{"start":{"line":28,"column":33},"end":{"line":28,"column":42}},"19":{"start":{"line":28,"column":49},"end":{"line":28,"column":59}},"20":{"start":{"line":28,"column":69},"end":{"line":28,"column":82}},"21":{"start":{"line":36,"column":12},"end":{"line":39,"column":10}},"22":{"start":{"line":43,"column":13},"end":{"line":49,"column":32}},"23":{"start":{"line":52,"column":10},"end":{"line":58,"column":32}},"24":{"start":{"line":61,"column":20},"end":{"line":61,"column":45}},"25":{"start":{"line":63,"column":13},"end":{"line":70,"column":32}},"26":{"start":{"line":73,"column":18},"end":{"line":80,"column":32}},"27":{"start":{"line":83,"column":14},"end":{"line":83,"column":20}},"28":{"start":{"line":84,"column":0},"end":{"line":131,"column":7}},"29":{"start":{"line":90,"column":0},"end":{"line":94,"column":49}},"30":{"start":{"line":96,"column":0},"end":{"line":96,"column":33}},"31":{"start":{"line":97,"column":0},"end":{"line":97,"column":46}},"32":{"start":{"line":98,"column":0},"end":{"line":98,"column":27}},"33":{"start":{"line":99,"column":0},"end":{"line":99,"column":43}},"34":{"start":{"line":100,"column":0},"end":{"line":100,"column":33}},"35":{"start":{"line":101,"column":0},"end":{"line":101,"column":43}},"36":{"start":{"line":102,"column":0},"end":{"line":102,"column":6}},"37":{"start":{"line":109,"column":0},"end":{"line":111,"column":44}},"38":{"start":{"line":113,"column":0},"end":{"line":113,"column":27}},"39":{"start":{"line":114,"column":0},"end":{"line":114,"column":69}},"40":{"start":{"line":115,"column":0},"end":{"line":115,"column":43}},"41":{"start":{"line":116,"column":0},"end":{"line":116,"column":33}},"42":{"start":{"line":117,"column":0},"end":{"line":117,"column":75}},"43":{"start":{"line":118,"column":0},"end":{"line":118,"column":6}},"44":{"start":{"line":125,"column":0},"end":{"line":126,"column":41}},"45":{"start":{"line":128,"column":0},"end":{"line":128,"column":27}},"46":{"start":{"line":129,"column":0},"end":{"line":129,"column":43}},"47":{"start":{"line":130,"column":0},"end":{"line":130,"column":69}},"48":{"start":{"line":131,"column":0},"end":{"line":131,"column":6}},"49":{"start":{"line":134,"column":0},"end":{"line":139,"column":21}},"50":{"start":{"line":135,"column":60},"end":{"line":135,"column":77}},"51":{"start":{"line":143,"column":0},"end":{"line":147,"column":32}},"52":{"start":{"line":147,"column":32},"end":{"line":150,"column":10}}},"fnMap":{"0":{"name":"_interopRequireDefault","decl":{"start":{"line":13,"column":86},"end":{"line":13,"column":108}},"loc":{"start":{"line":13,"column":113},"end":{"line":13,"column":160}}},"1":{"name":"LoginForm","decl":{"start":{"line":23,"column":23},"end":{"line":23,"column":32}},"loc":{"start":{"line":28,"column":0},"end":{"line":142,"column":1}}},"2":{"name":"ref","decl":{"start":{"line":135,"column":49},"end":{"line":135,"column":52}},"loc":{"start":{"line":135,"column":59},"end":{"line":135,"column":78}}}},"branchMap":{"0":{"loc":{"start":{"line":13,"column":121},"end":{"line":13,"column":158}},"type":"cond-expr","locations":[{"start":{"line":13,"column":141},"end":{"line":13,"column":144}},{"start":{"line":13,"column":145},"end":{"line":13,"column":158}}]},"1":{"loc":{"start":{"line":13,"column":121},"end":{"line":13,"column":140}},"type":"binary-expr","locations":[{"start":{"line":13,"column":121},"end":{"line":13,"column":124}},{"start":{"line":13,"column":126},"end":{"line":13,"column":140}}]},"2":{"loc":{"start":{"line":84,"column":0},"end":{"line":131,"column":7}},"type":"switch","locations":[{"start":{"line":89,"column":0},"end":{"line":102,"column":6}},{"start":{"line":108,"column":0},"end":{"line":118,"column":6}},{"start":{"line":124,"column":0},"end":{"line":131,"column":6}}]}},"s":{"0":1,"1":1,"2":1,"3":1,"4":1,"5":1,"6":1,"7":1,"8":1,"9":1,"10":4,"11":1,"12":1,"13":1,"14":1,"15":1,"16":1,"17":12,"18":12,"19":12,"20":12,"21":12,"22":12,"23":12,"24":12,"25":12,"26":12,"27":12,"28":12,"29":4,"30":4,"31":4,"32":4,"33":4,"34":4,"35":4,"36":4,"37":5,"38":5,"39":5,"40":5,"41":5,"42":5,"43":5,"44":3,"45":3,"46":3,"47":3,"48":3,"49":12,"50":12,"51":1,"52":1},"f":{"0":4,"1":12,"2":12},"b":{"0":[1,3],"1":[4,4],"2":[4,5,3]},"_coverageSchema":"332fd63041d2c1bcb487cc26dd0d5f7d97098a6c","hash":"a9cc40635d3f94b8d0e086097a34bc6f1893f936"}
,"/Users/david/Project/ReactNativeProject/TWFinTech/TWFinTech/src/components/LoginForm/styles.js": {"path":"/Users/david/Project/ReactNativeProject/TWFinTech/TWFinTech/src/components/LoginForm/styles.js","statementMap":{"0":{"start":{"line":4,"column":12},"end":{"line":4,"column":35}},"1":{"start":{"line":4,"column":49},"end":{"line":4,"column":80}},"2":{"start":{"line":4,"column":118},"end":{"line":4,"column":163}},"3":{"start":{"line":6,"column":16},"end":{"line":6,"column":25}},"4":{"start":{"line":7,"column":16},"end":{"line":7,"column":25}},"5":{"start":{"line":8,"column":16},"end":{"line":8,"column":25}},"6":{"start":{"line":9,"column":15},"end":{"line":9,"column":24}},"7":{"start":{"line":10,"column":17},"end":{"line":10,"column":26}},"8":{"start":{"line":11,"column":19},"end":{"line":11,"column":28}},"9":{"start":{"line":12,"column":30},"end":{"line":12,"column":39}},"10":{"start":{"line":13,"column":14},"end":{"line":13,"column":16}},"11":{"start":{"line":14,"column":16},"end":{"line":14,"column":21}},"12":{"start":{"line":16,"column":15},"end":{"line":175,"column":26}},"13":{"start":{"line":179,"column":0},"end":{"line":179,"column":26}}},"fnMap":{"0":{"name":"_interopRequireDefault","decl":{"start":{"line":4,"column":90},"end":{"line":4,"column":112}},"loc":{"start":{"line":4,"column":117},"end":{"line":4,"column":164}}}},"branchMap":{"0":{"loc":{"start":{"line":4,"column":125},"end":{"line":4,"column":162}},"type":"cond-expr","locations":[{"start":{"line":4,"column":145},"end":{"line":4,"column":148}},{"start":{"line":4,"column":149},"end":{"line":4,"column":162}}]},"1":{"loc":{"start":{"line":4,"column":125},"end":{"line":4,"column":144}},"type":"binary-expr","locations":[{"start":{"line":4,"column":125},"end":{"line":4,"column":128}},{"start":{"line":4,"column":130},"end":{"line":4,"column":144}}]}},"s":{"0":1,"1":1,"2":1,"3":1,"4":1,"5":1,"6":1,"7":1,"8":1,"9":1,"10":1,"11":1,"12":1,"13":1},"f":{"0":1},"b":{"0":[1,0],"1":[1,1]},"_coverageSchema":"332fd63041d2c1bcb487cc26dd0d5f7d97098a6c","hash":"1175dad65d1e34061be81ce5347147c46ff470eb"}
,"/Users/david/Project/ReactNativeProject/TWFinTech/TWFinTech/src/components/TabBar/index.js": {"path":"/Users/david/Project/ReactNativeProject/TWFinTech/TWFinTech/src/components/TabBar/index.js","statementMap":{"0":{"start":{"line":2,"column":13},"end":{"line":2,"column":70}},"1":{"start":{"line":3,"column":11},"end":{"line":3,"column":27}},"2":{"start":{"line":3,"column":40},"end":{"line":3,"column":70}},"3":{"start":{"line":4,"column":34},"end":{"line":4,"column":77}},"4":{"start":{"line":4,"column":113},"end":{"line":4,"column":166}},"5":{"start":{"line":5,"column":12},"end":{"line":5,"column":31}},"6":{"start":{"line":5,"column":45},"end":{"line":5,"column":76}},"7":{"start":{"line":6,"column":13},"end":{"line":6,"column":36}},"8":{"start":{"line":6,"column":50},"end":{"line":6,"column":82}},"9":{"start":{"line":7,"column":17},"end":{"line":7,"column":40}},"10":{"start":{"line":7,"column":78},"end":{"line":7,"column":123}},"11":{"start":{"line":9,"column":11},"end":{"line":33,"column":12}},"12":{"start":{"line":10,"column":15},"end":{"line":10,"column":34}},"13":{"start":{"line":11,"column":16},"end":{"line":11,"column":36}},"14":{"start":{"line":12,"column":10},"end":{"line":12,"column":24}},"15":{"start":{"line":13,"column":9},"end":{"line":13,"column":22}},"16":{"start":{"line":14,"column":6},"end":{"line":14,"column":16}},"17":{"start":{"line":15,"column":10},"end":{"line":15,"column":24}},"18":{"start":{"line":16,"column":12},"end":{"line":16,"column":28}},"19":{"start":{"line":17,"column":12},"end":{"line":17,"column":28}},"20":{"start":{"line":18,"column":9},"end":{"line":18,"column":22}},"21":{"start":{"line":18,"column":23},"end":{"line":33,"column":11}},"22":{"start":{"line":24,"column":37},"end":{"line":30,"column":23}},"23":{"start":{"line":37,"column":0},"end":{"line":45,"column":37}},"24":{"start":{"line":47,"column":0},"end":{"line":55,"column":15}},"25":{"start":{"line":55,"column":15},"end":{"line":58,"column":7}}},"fnMap":{"0":{"name":"_interopRequireDefault","decl":{"start":{"line":7,"column":50},"end":{"line":7,"column":72}},"loc":{"start":{"line":7,"column":77},"end":{"line":7,"column":124}}},"1":{"name":"TabBar","decl":{"start":{"line":9,"column":20},"end":{"line":9,"column":26}},"loc":{"start":{"line":9,"column":32},"end":{"line":33,"column":12}}},"2":{"name":"renderTabBar","decl":{"start":{"line":24,"column":22},"end":{"line":24,"column":34}},"loc":{"start":{"line":24,"column":36},"end":{"line":30,"column":24}}},"3":{"name":"onChangeTab","decl":{"start":{"line":54,"column":21},"end":{"line":54,"column":32}},"loc":{"start":{"line":54,"column":34},"end":{"line":54,"column":36}}}},"branchMap":{"0":{"loc":{"start":{"line":7,"column":85},"end":{"line":7,"column":122}},"type":"cond-expr","locations":[{"start":{"line":7,"column":105},"end":{"line":7,"column":108}},{"start":{"line":7,"column":109},"end":{"line":7,"column":122}}]},"1":{"loc":{"start":{"line":7,"column":85},"end":{"line":7,"column":104}},"type":"binary-expr","locations":[{"start":{"line":7,"column":85},"end":{"line":7,"column":88}},{"start":{"line":7,"column":90},"end":{"line":7,"column":104}}]}},"s":{"0":1,"1":1,"2":1,"3":1,"4":1,"5":1,"6":1,"7":1,"8":1,"9":1,"10":4,"11":1,"12":2,"13":2,"14":2,"15":2,"16":2,"17":2,"18":2,"19":2,"20":2,"21":2,"22":2,"23":1,"24":1,"25":1},"f":{"0":4,"1":2,"2":2,"3":0},"b":{"0":[2,2],"1":[4,4]},"_coverageSchema":"332fd63041d2c1bcb487cc26dd0d5f7d97098a6c","hash":"fc9644df79184fd7778dbb08b52f95d4e6738119"}
,"/Users/david/Project/ReactNativeProject/TWFinTech/TWFinTech/src/components/TabBar/styles.js": {"path":"/Users/david/Project/ReactNativeProject/TWFinTech/TWFinTech/src/components/TabBar/styles.js","statementMap":{"0":{"start":{"line":1,"column":0},"end":{"line":1,"column":57}},"1":{"start":{"line":1,"column":74},"end":{"line":1,"column":97}},"2":{"start":{"line":2,"column":12},"end":{"line":2,"column":35}},"3":{"start":{"line":2,"column":49},"end":{"line":2,"column":80}},"4":{"start":{"line":2,"column":118},"end":{"line":2,"column":163}},"5":{"start":{"line":2,"column":164},"end":{"line":25,"column":41}}},"fnMap":{"0":{"name":"_interopRequireDefault","decl":{"start":{"line":2,"column":90},"end":{"line":2,"column":112}},"loc":{"start":{"line":2,"column":117},"end":{"line":2,"column":164}}}},"branchMap":{"0":{"loc":{"start":{"line":2,"column":125},"end":{"line":2,"column":162}},"type":"cond-expr","locations":[{"start":{"line":2,"column":145},"end":{"line":2,"column":148}},{"start":{"line":2,"column":149},"end":{"line":2,"column":162}}]},"1":{"loc":{"start":{"line":2,"column":125},"end":{"line":2,"column":144}},"type":"binary-expr","locations":[{"start":{"line":2,"column":125},"end":{"line":2,"column":128}},{"start":{"line":2,"column":130},"end":{"line":2,"column":144}}]}},"s":{"0":1,"1":1,"2":1,"3":1,"4":1,"5":1},"f":{"0":1},"b":{"0":[1,0],"1":[1,1]},"_coverageSchema":"332fd63041d2c1bcb487cc26dd0d5f7d97098a6c","hash":"70729b0390a4ee4a7b422c47c7629f723345288b"}
,"/Users/david/Project/ReactNativeProject/TWFinTech/TWFinTech/src/components/TouchableIcon/index.js": {"path":"/Users/david/Project/ReactNativeProject/TWFinTech/TWFinTech/src/components/TouchableIcon/index.js","statementMap":{"0":{"start":{"line":1,"column":13},"end":{"line":1,"column":70}},"1":{"start":{"line":3,"column":11},"end":{"line":3,"column":27}},"2":{"start":{"line":3,"column":40},"end":{"line":3,"column":70}},"3":{"start":{"line":4,"column":17},"end":{"line":4,"column":40}},"4":{"start":{"line":5,"column":17},"end":{"line":5,"column":65}},"5":{"start":{"line":5,"column":84},"end":{"line":5,"column":120}},"6":{"start":{"line":6,"column":12},"end":{"line":6,"column":35}},"7":{"start":{"line":6,"column":49},"end":{"line":6,"column":80}},"8":{"start":{"line":6,"column":118},"end":{"line":6,"column":163}},"9":{"start":{"line":8,"column":18},"end":{"line":41,"column":9}},"10":{"start":{"line":9,"column":5},"end":{"line":9,"column":14}},"11":{"start":{"line":10,"column":5},"end":{"line":10,"column":14}},"12":{"start":{"line":11,"column":6},"end":{"line":11,"column":16}},"13":{"start":{"line":12,"column":12},"end":{"line":12,"column":28}},"14":{"start":{"line":13,"column":9},"end":{"line":13,"column":21}},"15":{"start":{"line":14,"column":7},"end":{"line":14,"column":18}},"16":{"start":{"line":15,"column":10},"end":{"line":15,"column":24}},"17":{"start":{"line":16,"column":6},"end":{"line":16,"column":16}},"18":{"start":{"line":17,"column":10},"end":{"line":17,"column":24}},"19":{"start":{"line":18,"column":9},"end":{"line":18,"column":22}},"20":{"start":{"line":18,"column":23},"end":{"line":41,"column":8}},"21":{"start":{"line":22,"column":27},"end":{"line":22,"column":45}},"22":{"start":{"line":46,"column":0},"end":{"line":55,"column":45}},"23":{"start":{"line":57,"column":0},"end":{"line":66,"column":14}},"24":{"start":{"line":66,"column":14},"end":{"line":69,"column":14}}},"fnMap":{"0":{"name":"_interopRequireDefault","decl":{"start":{"line":6,"column":90},"end":{"line":6,"column":112}},"loc":{"start":{"line":6,"column":117},"end":{"line":6,"column":164}}},"1":{"name":"TouchableIcon","decl":{"start":{"line":8,"column":27},"end":{"line":8,"column":40}},"loc":{"start":{"line":8,"column":46},"end":{"line":41,"column":9}}},"2":{"name":"onPress","decl":{"start":{"line":22,"column":17},"end":{"line":22,"column":24}},"loc":{"start":{"line":22,"column":26},"end":{"line":22,"column":46}}},"3":{"name":"onPress","decl":{"start":{"line":62,"column":17},"end":{"line":62,"column":24}},"loc":{"start":{"line":62,"column":26},"end":{"line":62,"column":28}}}},"branchMap":{"0":{"loc":{"start":{"line":6,"column":125},"end":{"line":6,"column":162}},"type":"cond-expr","locations":[{"start":{"line":6,"column":145},"end":{"line":6,"column":148}},{"start":{"line":6,"column":149},"end":{"line":6,"column":162}}]},"1":{"loc":{"start":{"line":6,"column":125},"end":{"line":6,"column":144}},"type":"binary-expr","locations":[{"start":{"line":6,"column":125},"end":{"line":6,"column":128}},{"start":{"line":6,"column":130},"end":{"line":6,"column":144}}]},"2":{"loc":{"start":{"line":33,"column":6},"end":{"line":33,"column":31}},"type":"cond-expr","locations":[{"start":{"line":33,"column":14},"end":{"line":33,"column":19}},{"start":{"line":33,"column":20},"end":{"line":33,"column":31}}]},"3":{"loc":{"start":{"line":35,"column":0},"end":{"line":41,"column":4}},"type":"cond-expr","locations":[{"start":{"line":36,"column":0},"end":{"line":40,"column":9}},{"start":{"line":41,"column":0},"end":{"line":41,"column":4}}]},"4":{"loc":{"start":{"line":38,"column":7},"end":{"line":38,"column":31}},"type":"cond-expr","locations":[{"start":{"line":38,"column":14},"end":{"line":38,"column":25}},{"start":{"line":38,"column":26},"end":{"line":38,"column":31}}]}},"s":{"0":1,"1":1,"2":1,"3":1,"4":1,"5":1,"6":1,"7":1,"8":3,"9":1,"10":12,"11":12,"12":12,"13":12,"14":12,"15":12,"16":12,"17":12,"18":12,"19":12,"20":12,"21":0,"22":1,"23":1,"24":1},"f":{"0":3,"1":12,"2":0,"3":0},"b":{"0":[1,2],"1":[3,3],"2":[12,0],"3":[0,12],"4":[0,0]},"_coverageSchema":"332fd63041d2c1bcb487cc26dd0d5f7d97098a6c","hash":"0c7355f9e2d1b797f7ec3ff384429d43f03c8cad"}
,"/Users/david/Project/ReactNativeProject/TWFinTech/TWFinTech/src/lib/constants.js": {"path":"/Users/david/Project/ReactNativeProject/TWFinTech/TWFinTech/src/lib/constants.js","statementMap":{"0":{"start":{"line":1,"column":0},"end":{"line":1,"column":57}},"1":{"start":{"line":1,"column":72},"end":{"line":1,"column":93}},"2":{"start":{"line":1,"column":110},"end":{"line":1,"column":144}},"3":{"start":{"line":1,"column":182},"end":{"line":1,"column":227}},"4":{"start":{"line":1,"column":228},"end":{"line":74,"column":16}}},"fnMap":{"0":{"name":"_interopRequireDefault","decl":{"start":{"line":1,"column":154},"end":{"line":1,"column":176}},"loc":{"start":{"line":1,"column":181},"end":{"line":1,"column":228}}}},"branchMap":{"0":{"loc":{"start":{"line":1,"column":189},"end":{"line":1,"column":226}},"type":"cond-expr","locations":[{"start":{"line":1,"column":209},"end":{"line":1,"column":212}},{"start":{"line":1,"column":213},"end":{"line":1,"column":226}}]},"1":{"loc":{"start":{"line":1,"column":189},"end":{"line":1,"column":208}},"type":"binary-expr","locations":[{"start":{"line":1,"column":189},"end":{"line":1,"column":192}},{"start":{"line":1,"column":194},"end":{"line":1,"column":208}}]}},"s":{"0":3,"1":3,"2":3,"3":3,"4":3},"f":{"0":3},"b":{"0":[0,3],"1":[3,3]},"_coverageSchema":"332fd63041d2c1bcb487cc26dd0d5f7d97098a6c","hash":"393daebc77813d011d9642a74b9d0522f53306f5"}
,"/Users/david/Project/ReactNativeProject/TWFinTech/TWFinTech/src/lib/i18n/index.js": {"path":"/Users/david/Project/ReactNativeProject/TWFinTech/TWFinTech/src/lib/i18n/index.js","statementMap":{"0":{"start":{"line":1,"column":0},"end":{"line":1,"column":57}},"1":{"start":{"line":1,"column":67},"end":{"line":1,"column":85}},"2":{"start":{"line":1,"column":97},"end":{"line":1,"column":126}},"3":{"start":{"line":2,"column":21},"end":{"line":2,"column":49}},"4":{"start":{"line":2,"column":72},"end":{"line":2,"column":112}},"5":{"start":{"line":2,"column":150},"end":{"line":2,"column":195}},"6":{"start":{"line":4,"column":0},"end":{"line":5,"column":24}},"7":{"start":{"line":5,"column":24},"end":{"line":5,"column":66}}},"fnMap":{"0":{"name":"_interopRequireDefault","decl":{"start":{"line":2,"column":122},"end":{"line":2,"column":144}},"loc":{"start":{"line":2,"column":149},"end":{"line":2,"column":196}}}},"branchMap":{"0":{"loc":{"start":{"line":2,"column":157},"end":{"line":2,"column":194}},"type":"cond-expr","locations":[{"start":{"line":2,"column":177},"end":{"line":2,"column":180}},{"start":{"line":2,"column":181},"end":{"line":2,"column":194}}]},"1":{"loc":{"start":{"line":2,"column":157},"end":{"line":2,"column":176}},"type":"binary-expr","locations":[{"start":{"line":2,"column":157},"end":{"line":2,"column":160}},{"start":{"line":2,"column":162},"end":{"line":2,"column":176}}]}},"s":{"0":2,"1":2,"2":2,"3":2,"4":2,"5":4,"6":2,"7":2},"f":{"0":4},"b":{"0":[2,2],"1":[4,4]},"_coverageSchema":"332fd63041d2c1bcb487cc26dd0d5f7d97098a6c","hash":"1e734e5ab6f0535a4fb2f78484a7341b3e2fa75f"}
,"/Users/david/Project/ReactNativeProject/TWFinTech/TWFinTech/src/lib/i18n/zh-TW/index.js": {"path":"/Users/david/Project/ReactNativeProject/TWFinTech/TWFinTech/src/lib/i18n/zh-TW/index.js","statementMap":{"0":{"start":{"line":1,"column":0},"end":{"line":1,"column":57}},"1":{"start":{"line":1,"column":57},"end":{"line":95,"column":39}}},"fnMap":{},"branchMap":{},"s":{"0":2,"1":2},"f":{},"b":{},"_coverageSchema":"332fd63041d2c1bcb487cc26dd0d5f7d97098a6c","hash":"bf149fd8a3337de8caf77e4fa17b3d5677ad7bbe"}
,"/Users/david/Project/ReactNativeProject/TWFinTech/TWFinTech/src/reducers/auth/authFieldValidation.js": {"path":"/Users/david/Project/ReactNativeProject/TWFinTech/TWFinTech/src/reducers/auth/authFieldValidation.js","statementMap":{"0":{"start":{"line":9,"column":13},"end":{"line":9,"column":70}},"1":{"start":{"line":9,"column":70},"end":{"line":56,"column":16}},"2":{"start":{"line":56,"column":30},"end":{"line":56,"column":52}},"3":{"start":{"line":56,"column":68},"end":{"line":56,"column":101}},"4":{"start":{"line":56,"column":118},"end":{"line":56,"column":139}},"5":{"start":{"line":56,"column":157},"end":{"line":56,"column":192}},"6":{"start":{"line":56,"column":203},"end":{"line":56,"column":228}},"7":{"start":{"line":56,"column":240},"end":{"line":56,"column":269}},"8":{"start":{"line":56,"column":307},"end":{"line":56,"column":352}},"9":{"start":{"line":56,"column":374},"end":{"line":56,"column":393}},"10":{"start":{"line":56,"column":414},"end":{"line":56,"column":435}},"11":{"start":{"line":56,"column":460},"end":{"line":56,"column":515}},"12":{"start":{"line":56,"column":536},"end":{"line":56,"column":582}},"13":{"start":{"line":56,"column":607},"end":{"line":56,"column":662}},"14":{"start":{"line":56,"column":692},"end":{"line":56,"column":731}},"15":{"start":{"line":57,"column":0},"end":{"line":57,"column":14}},"16":{"start":{"line":57,"column":21},"end":{"line":57,"column":42}},"17":{"start":{"line":57,"column":49},"end":{"line":57,"column":70}},"18":{"start":{"line":59,"column":0},"end":{"line":134,"column":24}},"19":{"start":{"line":65,"column":18},"end":{"line":66,"column":21}},"20":{"start":{"line":67,"column":0},"end":{"line":75,"column":1}},"21":{"start":{"line":68,"column":0},"end":{"line":70,"column":47}},"22":{"start":{"line":72,"column":0},"end":{"line":74,"column":55}},"23":{"start":{"line":82,"column":15},"end":{"line":83,"column":18}},"24":{"start":{"line":84,"column":0},"end":{"line":90,"column":1}},"25":{"start":{"line":85,"column":0},"end":{"line":85,"column":60}},"26":{"start":{"line":87,"column":0},"end":{"line":89,"column":52}},"27":{"start":{"line":97,"column":18},"end":{"line":98,"column":21}},"28":{"start":{"line":99,"column":0},"end":{"line":108,"column":1}},"29":{"start":{"line":100,"column":0},"end":{"line":103,"column":4}},"30":{"start":{"line":105,"column":0},"end":{"line":107,"column":55}},"31":{"start":{"line":115,"column":23},"end":{"line":116,"column":49}},"32":{"start":{"line":117,"column":0},"end":{"line":126,"column":1}},"33":{"start":{"line":118,"column":0},"end":{"line":120,"column":52}},"34":{"start":{"line":122,"column":0},"end":{"line":125,"column":60}},"35":{"start":{"line":133,"column":0},"end":{"line":134,"column":23}},"36":{"start":{"line":136,"column":0},"end":{"line":136,"column":13}}},"fnMap":{"0":{"name":"_interopRequireDefault","decl":{"start":{"line":56,"column":279},"end":{"line":56,"column":301}},"loc":{"start":{"line":56,"column":306},"end":{"line":56,"column":353}}},"1":{"name":"fieldValidation","decl":{"start":{"line":56,"column":741},"end":{"line":56,"column":756}},"loc":{"start":{"line":56,"column":770},"end":{"line":137,"column":1}}}},"branchMap":{"0":{"loc":{"start":{"line":56,"column":314},"end":{"line":56,"column":351}},"type":"cond-expr","locations":[{"start":{"line":56,"column":334},"end":{"line":56,"column":337}},{"start":{"line":56,"column":338},"end":{"line":56,"column":351}}]},"1":{"loc":{"start":{"line":56,"column":314},"end":{"line":56,"column":333}},"type":"binary-expr","locations":[{"start":{"line":56,"column":314},"end":{"line":56,"column":317}},{"start":{"line":56,"column":319},"end":{"line":56,"column":333}}]},"2":{"loc":{"start":{"line":59,"column":0},"end":{"line":134,"column":24}},"type":"switch","locations":[{"start":{"line":64,"column":0},"end":{"line":75,"column":1}},{"start":{"line":81,"column":0},"end":{"line":90,"column":1}},{"start":{"line":96,"column":0},"end":{"line":108,"column":1}},{"start":{"line":114,"column":0},"end":{"line":126,"column":1}},{"start":{"line":132,"column":0},"end":{"line":134,"column":23}}]},"3":{"loc":{"start":{"line":67,"column":0},"end":{"line":75,"column":1}},"type":"if","locations":[{"start":{"line":67,"column":0},"end":{"line":75,"column":1}},{"start":{"line":67,"column":0},"end":{"line":75,"column":1}}]},"4":{"loc":{"start":{"line":84,"column":0},"end":{"line":90,"column":1}},"type":"if","locations":[{"start":{"line":84,"column":0},"end":{"line":90,"column":1}},{"start":{"line":84,"column":0},"end":{"line":90,"column":1}}]},"5":{"loc":{"start":{"line":99,"column":0},"end":{"line":108,"column":1}},"type":"if","locations":[{"start":{"line":99,"column":0},"end":{"line":108,"column":1}},{"start":{"line":99,"column":0},"end":{"line":108,"column":1}}]},"6":{"loc":{"start":{"line":117,"column":0},"end":{"line":126,"column":1}},"type":"if","locations":[{"start":{"line":117,"column":0},"end":{"line":126,"column":1}},{"start":{"line":117,"column":0},"end":{"line":126,"column":1}}]}},"s":{"0":1,"1":1,"2":1,"3":1,"4":1,"5":1,"6":1,"7":1,"8":3,"9":1,"10":1,"11":1,"12":1,"13":1,"14":1,"15":42,"16":42,"17":42,"18":42,"19":9,"20":9,"21":3,"22":6,"23":15,"24":15,"25":5,"26":10,"27":16,"28":16,"29":4,"30":12,"31":2,"32":2,"33":1,"34":1,"35":0,"36":0},"f":{"0":3,"1":42},"b":{"0":[1,2],"1":[3,3],"2":[9,15,16,2,0],"3":[3,6],"4":[5,10],"5":[4,12],"6":[1,1]},"_coverageSchema":"332fd63041d2c1bcb487cc26dd0d5f7d97098a6c","hash":"714162d65d54396fb8a55e624103e572e98b3051"}
,"/Users/david/Project/ReactNativeProject/TWFinTech/TWFinTech/src/reducers/auth/authFormValidation.js": {"path":"/Users/david/Project/ReactNativeProject/TWFinTech/TWFinTech/src/reducers/auth/authFormValidation.js","statementMap":{"0":{"start":{"line":9,"column":13},"end":{"line":9,"column":70}},"1":{"start":{"line":9,"column":70},"end":{"line":24,"column":15}},"2":{"start":{"line":24,"column":36},"end":{"line":24,"column":74}},"3":{"start":{"line":24,"column":84},"end":{"line":24,"column":109}},"4":{"start":{"line":24,"column":116},"end":{"line":24,"column":138}},"5":{"start":{"line":24,"column":155},"end":{"line":24,"column":187}},"6":{"start":{"line":25,"column":0},"end":{"line":63,"column":2}},"7":{"start":{"line":30,"column":0},"end":{"line":41,"column":1}},"8":{"start":{"line":38,"column":0},"end":{"line":38,"column":44}},"9":{"start":{"line":40,"column":0},"end":{"line":40,"column":45}},"10":{"start":{"line":46,"column":0},"end":{"line":53,"column":1}},"11":{"start":{"line":50,"column":0},"end":{"line":50,"column":44}},"12":{"start":{"line":52,"column":0},"end":{"line":52,"column":45}},"13":{"start":{"line":58,"column":0},"end":{"line":63,"column":1}},"14":{"start":{"line":60,"column":0},"end":{"line":60,"column":44}},"15":{"start":{"line":62,"column":0},"end":{"line":62,"column":45}},"16":{"start":{"line":69,"column":0},"end":{"line":69,"column":13}}},"fnMap":{"0":{"name":"formValidation","decl":{"start":{"line":24,"column":197},"end":{"line":24,"column":211}},"loc":{"start":{"line":24,"column":218},"end":{"line":70,"column":1}}}},"branchMap":{"0":{"loc":{"start":{"line":25,"column":0},"end":{"line":63,"column":2}},"type":"switch","locations":[{"start":{"line":29,"column":0},"end":{"line":41,"column":1}},{"start":{"line":45,"column":0},"end":{"line":53,"column":1}},{"start":{"line":57,"column":0},"end":{"line":63,"column":1}}]},"1":{"loc":{"start":{"line":30,"column":0},"end":{"line":41,"column":1}},"type":"if","locations":[{"start":{"line":30,"column":0},"end":{"line":41,"column":1}},{"start":{"line":30,"column":0},"end":{"line":41,"column":1}}]},"2":{"loc":{"start":{"line":30,"column":3},"end":{"line":37,"column":40}},"type":"binary-expr","locations":[{"start":{"line":30,"column":3},"end":{"line":30,"column":34}},{"start":{"line":31,"column":0},"end":{"line":31,"column":28}},{"start":{"line":32,"column":0},"end":{"line":32,"column":31}},{"start":{"line":33,"column":0},"end":{"line":33,"column":36}},{"start":{"line":34,"column":0},"end":{"line":34,"column":35}},{"start":{"line":35,"column":0},"end":{"line":35,"column":32}},{"start":{"line":36,"column":0},"end":{"line":36,"column":35}},{"start":{"line":37,"column":0},"end":{"line":37,"column":40}}]},"3":{"loc":{"start":{"line":46,"column":0},"end":{"line":53,"column":1}},"type":"if","locations":[{"start":{"line":46,"column":0},"end":{"line":53,"column":1}},{"start":{"line":46,"column":0},"end":{"line":53,"column":1}}]},"4":{"loc":{"start":{"line":46,"column":3},"end":{"line":49,"column":35}},"type":"binary-expr","locations":[{"start":{"line":46,"column":3},"end":{"line":46,"column":31}},{"start":{"line":47,"column":0},"end":{"line":47,"column":31}},{"start":{"line":48,"column":0},"end":{"line":48,"column":32}},{"start":{"line":49,"column":0},"end":{"line":49,"column":35}}]},"5":{"loc":{"start":{"line":58,"column":0},"end":{"line":63,"column":1}},"type":"if","locations":[{"start":{"line":58,"column":0},"end":{"line":63,"column":1}},{"start":{"line":58,"column":0},"end":{"line":63,"column":1}}]},"6":{"loc":{"start":{"line":58,"column":3},"end":{"line":59,"column":32}},"type":"binary-expr","locations":[{"start":{"line":58,"column":3},"end":{"line":58,"column":31}},{"start":{"line":59,"column":0},"end":{"line":59,"column":32}}]}},"s":{"0":1,"1":1,"2":1,"3":1,"4":1,"5":1,"6":53,"7":45,"8":2,"9":43,"10":3,"11":1,"12":2,"13":3,"14":1,"15":2,"16":2},"f":{"0":53},"b":{"0":[45,3,3],"1":[2,43],"2":[45,18,8,6,4,2,2,2],"3":[1,2],"4":[3,1,1,1],"5":[1,2],"6":[3,2]},"_coverageSchema":"332fd63041d2c1bcb487cc26dd0d5f7d97098a6c","hash":"5dea8e6e480911e2d036b5884965f1d97484967b"}
,"/Users/david/Project/ReactNativeProject/TWFinTech/TWFinTech/src/reducers/auth/authInitialState.js": {"path":"/Users/david/Project/ReactNativeProject/TWFinTech/TWFinTech/src/reducers/auth/authInitialState.js","statementMap":{"0":{"start":{"line":11,"column":13},"end":{"line":11,"column":70}},"1":{"start":{"line":15,"column":15},"end":{"line":15,"column":35}},"2":{"start":{"line":18,"column":0},"end":{"line":18,"column":47}},"3":{"start":{"line":25,"column":9},"end":{"line":44,"column":25}},"4":{"start":{"line":52,"column":17},"end":{"line":54,"column":22}},"5":{"start":{"line":54,"column":23},"end":{"line":56,"column":13}}},"fnMap":{},"branchMap":{},"s":{"0":1,"1":1,"2":1,"3":1,"4":1,"5":1},"f":{},"b":{},"_coverageSchema":"332fd63041d2c1bcb487cc26dd0d5f7d97098a6c","hash":"e297dc496f847fda900dd2a71efdcbbeb10a9a30"}
,"/Users/david/Project/ReactNativeProject/TWFinTech/TWFinTech/src/reducers/auth/authReducer.js": {"path":"/Users/david/Project/ReactNativeProject/TWFinTech/TWFinTech/src/reducers/auth/authReducer.js","statementMap":{"0":{"start":{"line":6,"column":13},"end":{"line":6,"column":70}},"1":{"start":{"line":6,"column":70},"end":{"line":57,"column":12}},"2":{"start":{"line":57,"column":34},"end":{"line":57,"column":63}},"3":{"start":{"line":57,"column":87},"end":{"line":57,"column":128}},"4":{"start":{"line":57,"column":154},"end":{"line":57,"column":186}},"5":{"start":{"line":57,"column":213},"end":{"line":57,"column":257}},"6":{"start":{"line":57,"column":282},"end":{"line":57,"column":313}},"7":{"start":{"line":57,"column":339},"end":{"line":57,"column":382}},"8":{"start":{"line":57,"column":420},"end":{"line":57,"column":465}},"9":{"start":{"line":57,"column":487},"end":{"line":57,"column":525}},"10":{"start":{"line":57,"column":533},"end":{"line":57,"column":556}},"11":{"start":{"line":57,"column":566},"end":{"line":57,"column":591}},"12":{"start":{"line":57,"column":598},"end":{"line":57,"column":620}},"13":{"start":{"line":57,"column":637},"end":{"line":57,"column":669}},"14":{"start":{"line":57,"column":685},"end":{"line":57,"column":716}},"15":{"start":{"line":57,"column":732},"end":{"line":57,"column":763}},"16":{"start":{"line":57,"column":779},"end":{"line":57,"column":810}},"17":{"start":{"line":57,"column":825},"end":{"line":57,"column":855}},"18":{"start":{"line":57,"column":870},"end":{"line":57,"column":900}},"19":{"start":{"line":57,"column":915},"end":{"line":57,"column":945}},"20":{"start":{"line":57,"column":972},"end":{"line":57,"column":1014}},"21":{"start":{"line":57,"column":1030},"end":{"line":57,"column":1061}},"22":{"start":{"line":57,"column":1077},"end":{"line":57,"column":1108}},"23":{"start":{"line":57,"column":1124},"end":{"line":57,"column":1155}},"24":{"start":{"line":57,"column":1179},"end":{"line":57,"column":1218}},"25":{"start":{"line":57,"column":1242},"end":{"line":57,"column":1281}},"26":{"start":{"line":57,"column":1305},"end":{"line":57,"column":1344}},"27":{"start":{"line":57,"column":1368},"end":{"line":57,"column":1407}},"28":{"start":{"line":57,"column":1419},"end":{"line":57,"column":1446}},"29":{"start":{"line":57,"column":1457},"end":{"line":57,"column":1483}},"30":{"start":{"line":57,"column":1501},"end":{"line":57,"column":1533}},"31":{"start":{"line":57,"column":1567},"end":{"line":57,"column":1637}},"32":{"start":{"line":57,"column":1649},"end":{"line":57,"column":1661}},"33":{"start":{"line":58,"column":0},"end":{"line":58,"column":87}},"34":{"start":{"line":58,"column":50},"end":{"line":58,"column":87}},"35":{"start":{"line":60,"column":0},"end":{"line":161,"column":84}},"36":{"start":{"line":69,"column":0},"end":{"line":70,"column":29}},"37":{"start":{"line":78,"column":0},"end":{"line":84,"column":45}},"38":{"start":{"line":97,"column":0},"end":{"line":99,"column":30}},"39":{"start":{"line":111,"column":0},"end":{"line":111,"column":14}},"40":{"start":{"line":111,"column":21},"end":{"line":111,"column":42}},"41":{"start":{"line":111,"column":49},"end":{"line":111,"column":70}},"42":{"start":{"line":112,"column":14},"end":{"line":113,"column":28}},"43":{"start":{"line":115,"column":0},"end":{"line":117,"column":8}},"44":{"start":{"line":127,"column":0},"end":{"line":127,"column":48}},"45":{"start":{"line":138,"column":0},"end":{"line":139,"column":39}},"46":{"start":{"line":142,"column":0},"end":{"line":142,"column":72}},"47":{"start":{"line":145,"column":0},"end":{"line":145,"column":20}},"48":{"start":{"line":148,"column":9},"end":{"line":148,"column":45}},"49":{"start":{"line":149,"column":0},"end":{"line":161,"column":83}},"50":{"start":{"line":166,"column":0},"end":{"line":166,"column":13}}},"fnMap":{"0":{"name":"_interopRequireDefault","decl":{"start":{"line":57,"column":392},"end":{"line":57,"column":414}},"loc":{"start":{"line":57,"column":419},"end":{"line":57,"column":466}}},"1":{"name":"authReducer","decl":{"start":{"line":57,"column":1543},"end":{"line":57,"column":1554}},"loc":{"start":{"line":57,"column":1556},"end":{"line":167,"column":1}}}},"branchMap":{"0":{"loc":{"start":{"line":57,"column":427},"end":{"line":57,"column":464}},"type":"cond-expr","locations":[{"start":{"line":57,"column":447},"end":{"line":57,"column":450}},{"start":{"line":57,"column":451},"end":{"line":57,"column":464}}]},"1":{"loc":{"start":{"line":57,"column":427},"end":{"line":57,"column":446}},"type":"binary-expr","locations":[{"start":{"line":57,"column":427},"end":{"line":57,"column":430}},{"start":{"line":57,"column":432},"end":{"line":57,"column":446}}]},"2":{"loc":{"start":{"line":57,"column":1567},"end":{"line":57,"column":1637}},"type":"cond-expr","locations":[{"start":{"line":57,"column":1612},"end":{"line":57,"column":1624}},{"start":{"line":57,"column":1625},"end":{"line":57,"column":1637}}]},"3":{"loc":{"start":{"line":57,"column":1567},"end":{"line":57,"column":1611}},"type":"binary-expr","locations":[{"start":{"line":57,"column":1567},"end":{"line":57,"column":1585}},{"start":{"line":57,"column":1587},"end":{"line":57,"column":1611}}]},"4":{"loc":{"start":{"line":58,"column":0},"end":{"line":58,"column":87}},"type":"if","locations":[{"start":{"line":58,"column":0},"end":{"line":58,"column":87}},{"start":{"line":58,"column":0},"end":{"line":58,"column":87}}]},"5":{"loc":{"start":{"line":60,"column":0},"end":{"line":161,"column":84}},"type":"switch","locations":[{"start":{"line":65,"column":0},"end":{"line":65,"column":20}},{"start":{"line":66,"column":0},"end":{"line":66,"column":20}},{"start":{"line":67,"column":0},"end":{"line":67,"column":19}},{"start":{"line":68,"column":0},"end":{"line":70,"column":29}},{"start":{"line":77,"column":0},"end":{"line":84,"column":45}},{"start":{"line":94,"column":0},"end":{"line":94,"column":11}},{"start":{"line":95,"column":0},"end":{"line":95,"column":14}},{"start":{"line":96,"column":0},"end":{"line":99,"column":30}},{"start":{"line":110,"column":0},"end":{"line":118,"column":1}},{"start":{"line":123,"column":0},"end":{"line":123,"column":20}},{"start":{"line":124,"column":0},"end":{"line":124,"column":19}},{"start":{"line":125,"column":0},"end":{"line":125,"column":20}},{"start":{"line":126,"column":0},"end":{"line":127,"column":48}},{"start":{"line":134,"column":0},"end":{"line":134,"column":20}},{"start":{"line":135,"column":0},"end":{"line":135,"column":20}},{"start":{"line":136,"column":0},"end":{"line":136,"column":19}},{"start":{"line":137,"column":0},"end":{"line":139,"column":39}},{"start":{"line":141,"column":0},"end":{"line":142,"column":72}},{"start":{"line":144,"column":0},"end":{"line":145,"column":20}},{"start":{"line":147,"column":0},"end":{"line":161,"column":83}}]}},"s":{"0":1,"1":1,"2":1,"3":1,"4":1,"5":1,"6":1,"7":1,"8":3,"9":1,"10":1,"11":1,"12":1,"13":1,"14":1,"15":1,"16":1,"17":1,"18":1,"19":1,"20":1,"21":1,"22":1,"23":1,"24":1,"25":1,"26":1,"27":1,"28":1,"29":1,"30":1,"31":87,"32":87,"33":87,"34":0,"35":87,"36":4,"37":2,"38":9,"39":42,"40":42,"41":42,"42":42,"43":42,"44":4,"45":4,"46":2,"47":1,"48":2,"49":2,"50":17},"f":{"0":3,"1":87},"b":{"0":[3,0],"1":[3,3],"2":[58,29],"3":[87,87],"4":[0,87],"5":[1,2,3,4,2,3,6,9,42,1,2,3,4,1,2,3,4,2,1,2]},"_coverageSchema":"332fd63041d2c1bcb487cc26dd0d5f7d97098a6c","hash":"06e492fc70a7700563bd50dc7b7114dd7142f974"}
,"/Users/david/Project/ReactNativeProject/TWFinTech/TWFinTech/src/reducers/device/deviceInitialState.js": {"path":"/Users/david/Project/ReactNativeProject/TWFinTech/TWFinTech/src/reducers/device/deviceInitialState.js","statementMap":{"0":{"start":{"line":11,"column":13},"end":{"line":11,"column":70}},"1":{"start":{"line":12,"column":0},"end":{"line":12,"column":20}},"2":{"start":{"line":12,"column":28},"end":{"line":12,"column":43}},"3":{"start":{"line":14,"column":17},"end":{"line":17,"column":14}},"4":{"start":{"line":17,"column":15},"end":{"line":20,"column":13}}},"fnMap":{},"branchMap":{},"s":{"0":1,"1":1,"2":1,"3":1,"4":1},"f":{},"b":{},"_coverageSchema":"332fd63041d2c1bcb487cc26dd0d5f7d97098a6c","hash":"a330981292e59aa93edcc1bf8b434909be694bbb"}
,"/Users/david/Project/ReactNativeProject/TWFinTech/TWFinTech/src/reducers/device/deviceReducer.js": {"path":"/Users/david/Project/ReactNativeProject/TWFinTech/TWFinTech/src/reducers/device/deviceReducer.js","statementMap":{"0":{"start":{"line":6,"column":13},"end":{"line":6,"column":70}},"1":{"start":{"line":6,"column":70},"end":{"line":29,"column":14}},"2":{"start":{"line":29,"column":38},"end":{"line":29,"column":69}},"3":{"start":{"line":29,"column":95},"end":{"line":29,"column":138}},"4":{"start":{"line":29,"column":176},"end":{"line":29,"column":221}},"5":{"start":{"line":29,"column":243},"end":{"line":29,"column":281}},"6":{"start":{"line":29,"column":295},"end":{"line":29,"column":324}},"7":{"start":{"line":29,"column":337},"end":{"line":29,"column":365}},"8":{"start":{"line":29,"column":383},"end":{"line":29,"column":417}},"9":{"start":{"line":29,"column":453},"end":{"line":29,"column":523}},"10":{"start":{"line":29,"column":535},"end":{"line":29,"column":547}},"11":{"start":{"line":30,"column":0},"end":{"line":30,"column":85}},"12":{"start":{"line":30,"column":52},"end":{"line":30,"column":85}},"13":{"start":{"line":32,"column":0},"end":{"line":48,"column":37}},"14":{"start":{"line":39,"column":13},"end":{"line":39,"column":27}},"15":{"start":{"line":40,"column":0},"end":{"line":40,"column":38}},"16":{"start":{"line":47,"column":12},"end":{"line":47,"column":26}},"17":{"start":{"line":48,"column":0},"end":{"line":48,"column":36}},"18":{"start":{"line":51,"column":0},"end":{"line":51,"column":13}}},"fnMap":{"0":{"name":"_interopRequireDefault","decl":{"start":{"line":29,"column":148},"end":{"line":29,"column":170}},"loc":{"start":{"line":29,"column":175},"end":{"line":29,"column":222}}},"1":{"name":"deviceReducer","decl":{"start":{"line":29,"column":427},"end":{"line":29,"column":440}},"loc":{"start":{"line":29,"column":442},"end":{"line":52,"column":1}}}},"branchMap":{"0":{"loc":{"start":{"line":29,"column":183},"end":{"line":29,"column":220}},"type":"cond-expr","locations":[{"start":{"line":29,"column":203},"end":{"line":29,"column":206}},{"start":{"line":29,"column":207},"end":{"line":29,"column":220}}]},"1":{"loc":{"start":{"line":29,"column":183},"end":{"line":29,"column":202}},"type":"binary-expr","locations":[{"start":{"line":29,"column":183},"end":{"line":29,"column":186}},{"start":{"line":29,"column":188},"end":{"line":29,"column":202}}]},"2":{"loc":{"start":{"line":29,"column":453},"end":{"line":29,"column":523}},"type":"cond-expr","locations":[{"start":{"line":29,"column":498},"end":{"line":29,"column":510}},{"start":{"line":29,"column":511},"end":{"line":29,"column":523}}]},"3":{"loc":{"start":{"line":29,"column":453},"end":{"line":29,"column":497}},"type":"binary-expr","locations":[{"start":{"line":29,"column":453},"end":{"line":29,"column":471}},{"start":{"line":29,"column":473},"end":{"line":29,"column":497}}]},"4":{"loc":{"start":{"line":30,"column":0},"end":{"line":30,"column":85}},"type":"if","locations":[{"start":{"line":30,"column":0},"end":{"line":30,"column":85}},{"start":{"line":30,"column":0},"end":{"line":30,"column":85}}]},"5":{"loc":{"start":{"line":32,"column":0},"end":{"line":48,"column":37}},"type":"switch","locations":[{"start":{"line":38,"column":0},"end":{"line":40,"column":38}},{"start":{"line":46,"column":0},"end":{"line":48,"column":36}}]}},"s":{"0":1,"1":1,"2":1,"3":1,"4":1,"5":1,"6":1,"7":1,"8":1,"9":6,"10":6,"11":6,"12":0,"13":6,"14":1,"15":1,"16":1,"17":1,"18":4},"f":{"0":1,"1":6},"b":{"0":[1,0],"1":[1,1],"2":[1,5],"3":[6,6],"4":[0,6],"5":[1,1]},"_coverageSchema":"332fd63041d2c1bcb487cc26dd0d5f7d97098a6c","hash":"ed9e63011b1149b44733e2b851bbd6a23813fa88"}
,"/Users/david/Project/ReactNativeProject/TWFinTech/TWFinTech/src/styles/StyleSheet.js": {"path":"/Users/david/Project/ReactNativeProject/TWFinTech/TWFinTech/src/styles/StyleSheet.js","statementMap":{"0":{"start":{"line":1,"column":13},"end":{"line":1,"column":70}},"1":{"start":{"line":1,"column":83},"end":{"line":1,"column":293}},"2":{"start":{"line":1,"column":115},"end":{"line":1,"column":278}},"3":{"start":{"line":1,"column":162},"end":{"line":1,"column":174}},"4":{"start":{"line":1,"column":175},"end":{"line":1,"column":277}},"5":{"start":{"line":1,"column":198},"end":{"line":1,"column":276}},"6":{"start":{"line":1,"column":251},"end":{"line":1,"column":275}},"7":{"start":{"line":1,"column":278},"end":{"line":1,"column":292}},"8":{"start":{"line":1,"column":311},"end":{"line":1,"column":803}},"9":{"start":{"line":1,"column":362},"end":{"line":1,"column":604}},"10":{"start":{"line":1,"column":409},"end":{"line":1,"column":417}},"11":{"start":{"line":1,"column":418},"end":{"line":1,"column":469}},"12":{"start":{"line":1,"column":469},"end":{"line":1,"column":498}},"13":{"start":{"line":1,"column":498},"end":{"line":1,"column":547}},"14":{"start":{"line":1,"column":522},"end":{"line":1,"column":547}},"15":{"start":{"line":1,"column":547},"end":{"line":1,"column":603}},"16":{"start":{"line":1,"column":605},"end":{"line":1,"column":800}},"17":{"start":{"line":1,"column":657},"end":{"line":1,"column":722}},"18":{"start":{"line":1,"column":671},"end":{"line":1,"column":722}},"19":{"start":{"line":1,"column":722},"end":{"line":1,"column":779}},"20":{"start":{"line":1,"column":737},"end":{"line":1,"column":779}},"21":{"start":{"line":1,"column":779},"end":{"line":1,"column":798}},"22":{"start":{"line":3,"column":17},"end":{"line":3,"column":40}},"23":{"start":{"line":3,"column":96},"end":{"line":3,"column":98}},"24":{"start":{"line":3,"column":99},"end":{"line":3,"column":223}},"25":{"start":{"line":3,"column":117},"end":{"line":3,"column":148}},"26":{"start":{"line":3,"column":139},"end":{"line":3,"column":148}},"27":{"start":{"line":3,"column":148},"end":{"line":3,"column":205}},"28":{"start":{"line":3,"column":196},"end":{"line":3,"column":205}},"29":{"start":{"line":3,"column":205},"end":{"line":3,"column":222}},"30":{"start":{"line":3,"column":223},"end":{"line":3,"column":237}},"31":{"start":{"line":3,"column":285},"end":{"line":3,"column":382}},"32":{"start":{"line":3,"column":324},"end":{"line":3,"column":381}},"33":{"start":{"line":5,"column":11},"end":{"line":16,"column":26}},"34":{"start":{"line":5,"column":44},"end":{"line":5,"column":77}},"35":{"start":{"line":5,"column":78},"end":{"line":16,"column":5}},"36":{"start":{"line":7,"column":19},"end":{"line":7,"column":21}},"37":{"start":{"line":8,"column":0},"end":{"line":14,"column":3}},"38":{"start":{"line":8,"column":60},"end":{"line":9,"column":13}},"39":{"start":{"line":9,"column":18},"end":{"line":9,"column":34}},"40":{"start":{"line":9,"column":43},"end":{"line":9,"column":63}},"41":{"start":{"line":9,"column":70},"end":{"line":9,"column":126}},"42":{"start":{"line":10,"column":16},"end":{"line":10,"column":21}},"43":{"start":{"line":11,"column":0},"end":{"line":11,"column":76}},"44":{"start":{"line":11,"column":41},"end":{"line":11,"column":76}},"45":{"start":{"line":12,"column":0},"end":{"line":12,"column":88}},"46":{"start":{"line":12,"column":49},"end":{"line":12,"column":88}},"47":{"start":{"line":13,"column":0},"end":{"line":13,"column":33}},"48":{"start":{"line":15,"column":0},"end":{"line":15,"column":54}},"49":{"start":{"line":16,"column":5},"end":{"line":16,"column":23}},"50":{"start":{"line":16,"column":27},"end":{"line":19,"column":11}}},"fnMap":{"0":{"name":"(anonymous_0)","decl":{"start":{"line":1,"column":98},"end":{"line":1,"column":99}},"loc":{"start":{"line":1,"column":114},"end":{"line":1,"column":293}}},"1":{"name":"(anonymous_1)","decl":{"start":{"line":1,"column":311},"end":{"line":1,"column":312}},"loc":{"start":{"line":1,"column":321},"end":{"line":1,"column":801}}},"2":{"name":"defineProperties","decl":{"start":{"line":1,"column":331},"end":{"line":1,"column":347}},"loc":{"start":{"line":1,"column":361},"end":{"line":1,"column":605}}},"3":{"name":"(anonymous_3)","decl":{"start":{"line":1,"column":612},"end":{"line":1,"column":613}},"loc":{"start":{"line":1,"column":656},"end":{"line":1,"column":799}}},"4":{"name":"_objectWithoutProperties","decl":{"start":{"line":3,"column":50},"end":{"line":3,"column":74}},"loc":{"start":{"line":3,"column":84},"end":{"line":3,"column":238}}},"5":{"name":"_classCallCheck","decl":{"start":{"line":3,"column":247},"end":{"line":3,"column":262}},"loc":{"start":{"line":3,"column":284},"end":{"line":3,"column":383}}},"6":{"name":"(anonymous_6)","decl":{"start":{"line":5,"column":11},"end":{"line":5,"column":12}},"loc":{"start":{"line":5,"column":21},"end":{"line":16,"column":24}}},"7":{"name":"StyleSheet","decl":{"start":{"line":5,"column":31},"end":{"line":5,"column":41}},"loc":{"start":{"line":5,"column":43},"end":{"line":5,"column":78}}},"8":{"name":"create","decl":{"start":{"line":5,"column":137},"end":{"line":5,"column":143}},"loc":{"start":{"line":6,"column":7},"end":{"line":16,"column":1}}},"9":{"name":"(anonymous_9)","decl":{"start":{"line":8,"column":28},"end":{"line":8,"column":29}},"loc":{"start":{"line":8,"column":42},"end":{"line":14,"column":1}}}},"branchMap":{"0":{"loc":{"start":{"line":1,"column":83},"end":{"line":1,"column":293}},"type":"binary-expr","locations":[{"start":{"line":1,"column":83},"end":{"line":1,"column":96}},{"start":{"line":1,"column":98},"end":{"line":1,"column":293}}]},"1":{"loc":{"start":{"line":1,"column":198},"end":{"line":1,"column":276}},"type":"if","locations":[{"start":{"line":1,"column":198},"end":{"line":1,"column":276}},{"start":{"line":1,"column":198},"end":{"line":1,"column":276}}]},"2":{"loc":{"start":{"line":1,"column":440},"end":{"line":1,"column":468}},"type":"binary-expr","locations":[{"start":{"line":1,"column":440},"end":{"line":1,"column":461}},{"start":{"line":1,"column":463},"end":{"line":1,"column":468}}]},"3":{"loc":{"start":{"line":1,"column":498},"end":{"line":1,"column":547}},"type":"if","locations":[{"start":{"line":1,"column":498},"end":{"line":1,"column":547}},{"start":{"line":1,"column":498},"end":{"line":1,"column":547}}]},"4":{"loc":{"start":{"line":1,"column":657},"end":{"line":1,"column":722}},"type":"if","locations":[{"start":{"line":1,"column":657},"end":{"line":1,"column":722}},{"start":{"line":1,"column":657},"end":{"line":1,"column":722}}]},"5":{"loc":{"start":{"line":1,"column":722},"end":{"line":1,"column":779}},"type":"if","locations":[{"start":{"line":1,"column":722},"end":{"line":1,"column":779}},{"start":{"line":1,"column":722},"end":{"line":1,"column":779}}]},"6":{"loc":{"start":{"line":3,"column":117},"end":{"line":3,"column":148}},"type":"if","locations":[{"start":{"line":3,"column":117},"end":{"line":3,"column":148}},{"start":{"line":3,"column":117},"end":{"line":3,"column":148}}]},"7":{"loc":{"start":{"line":3,"column":148},"end":{"line":3,"column":205}},"type":"if","locations":[{"start":{"line":3,"column":148},"end":{"line":3,"column":205}},{"start":{"line":3,"column":148},"end":{"line":3,"column":205}}]},"8":{"loc":{"start":{"line":3,"column":285},"end":{"line":3,"column":382}},"type":"if","locations":[{"start":{"line":3,"column":285},"end":{"line":3,"column":382}},{"start":{"line":3,"column":285},"end":{"line":3,"column":382}}]},"9":{"loc":{"start":{"line":11,"column":0},"end":{"line":11,"column":76}},"type":"if","locations":[{"start":{"line":11,"column":0},"end":{"line":11,"column":76}},{"start":{"line":11,"column":0},"end":{"line":11,"column":76}}]},"10":{"loc":{"start":{"line":11,"column":3},"end":{"line":11,"column":40}},"type":"binary-expr","locations":[{"start":{"line":11,"column":3},"end":{"line":11,"column":6}},{"start":{"line":11,"column":8},"end":{"line":11,"column":40}}]},"11":{"loc":{"start":{"line":12,"column":0},"end":{"line":12,"column":88}},"type":"if","locations":[{"start":{"line":12,"column":0},"end":{"line":12,"column":88}},{"start":{"line":12,"column":0},"end":{"line":12,"column":88}}]},"12":{"loc":{"start":{"line":12,"column":3},"end":{"line":12,"column":48}},"type":"binary-expr","locations":[{"start":{"line":12,"column":3},"end":{"line":12,"column":10}},{"start":{"line":12,"column":12},"end":{"line":12,"column":48}}]}},"s":{"0":1,"1":1,"2":0,"3":0,"4":0,"5":0,"6":0,"7":0,"8":1,"9":1,"10":1,"11":1,"12":1,"13":1,"14":1,"15":1,"16":1,"17":1,"18":0,"19":1,"20":1,"21":1,"22":1,"23":4,"24":4,"25":18,"26":2,"27":16,"28":0,"29":16,"30":4,"31":0,"32":0,"33":1,"34":0,"35":1,"36":1,"37":1,"38":4,"39":4,"40":4,"41":4,"42":4,"43":4,"44":1,"45":4,"46":0,"47":4,"48":1,"49":1,"50":1},"f":{"0":0,"1":1,"2":1,"3":1,"4":4,"5":0,"6":1,"7":0,"8":1,"9":4},"b":{"0":[1,0],"1":[0,0],"2":[1,1],"3":[1,0],"4":[0,1],"5":[1,0],"6":[2,16],"7":[0,16],"8":[0,0],"9":[1,3],"10":[4,1],"11":[0,4],"12":[4,1]},"_coverageSchema":"332fd63041d2c1bcb487cc26dd0d5f7d97098a6c","hash":"21d650f7291fa4c2fd00e4a9ec7b25fafc9d0a86"}
,"/Users/david/Project/ReactNativeProject/TWFinTech/TWFinTech/src/styles/index.js": {"path":"/Users/david/Project/ReactNativeProject/TWFinTech/TWFinTech/src/styles/index.js","statementMap":{"0":{"start":{"line":1,"column":0},"end":{"line":1,"column":57}},"1":{"start":{"line":1,"column":70},"end":{"line":1,"column":280}},"2":{"start":{"line":1,"column":102},"end":{"line":1,"column":265}},"3":{"start":{"line":1,"column":149},"end":{"line":1,"column":161}},"4":{"start":{"line":1,"column":162},"end":{"line":1,"column":264}},"5":{"start":{"line":1,"column":185},"end":{"line":1,"column":263}},"6":{"start":{"line":1,"column":238},"end":{"line":1,"column":262}},"7":{"start":{"line":1,"column":265},"end":{"line":1,"column":279}},"8":{"start":{"line":1,"column":293},"end":{"line":1,"column":312}},"9":{"start":{"line":1,"column":326},"end":{"line":1,"column":357}},"10":{"start":{"line":1,"column":395},"end":{"line":1,"column":440}},"11":{"start":{"line":1,"column":441},"end":{"line":7,"column":10}}},"fnMap":{"0":{"name":"(anonymous_0)","decl":{"start":{"line":1,"column":85},"end":{"line":1,"column":86}},"loc":{"start":{"line":1,"column":101},"end":{"line":1,"column":280}}},"1":{"name":"_interopRequireDefault","decl":{"start":{"line":1,"column":367},"end":{"line":1,"column":389}},"loc":{"start":{"line":1,"column":394},"end":{"line":1,"column":441}}}},"branchMap":{"0":{"loc":{"start":{"line":1,"column":70},"end":{"line":1,"column":280}},"type":"binary-expr","locations":[{"start":{"line":1,"column":70},"end":{"line":1,"column":83}},{"start":{"line":1,"column":85},"end":{"line":1,"column":280}}]},"1":{"loc":{"start":{"line":1,"column":185},"end":{"line":1,"column":263}},"type":"if","locations":[{"start":{"line":1,"column":185},"end":{"line":1,"column":263}},{"start":{"line":1,"column":185},"end":{"line":1,"column":263}}]},"2":{"loc":{"start":{"line":1,"column":402},"end":{"line":1,"column":439}},"type":"cond-expr","locations":[{"start":{"line":1,"column":422},"end":{"line":1,"column":425}},{"start":{"line":1,"column":426},"end":{"line":1,"column":439}}]},"3":{"loc":{"start":{"line":1,"column":402},"end":{"line":1,"column":421}},"type":"binary-expr","locations":[{"start":{"line":1,"column":402},"end":{"line":1,"column":405}},{"start":{"line":1,"column":407},"end":{"line":1,"column":421}}]}},"s":{"0":4,"1":4,"2":0,"3":0,"4":0,"5":0,"6":0,"7":0,"8":4,"9":4,"10":4,"11":4},"f":{"0":0,"1":4},"b":{"0":[4,0],"1":[0,0],"2":[4,0],"3":[4,4]},"_coverageSchema":"332fd63041d2c1bcb487cc26dd0d5f7d97098a6c","hash":"5caa6301b20e13bfa26abbe55f36a1170c762d3c"}
,"/Users/david/Project/ReactNativeProject/TWFinTech/TWFinTech/src/styles/origin/index.js": {"path":"/Users/david/Project/ReactNativeProject/TWFinTech/TWFinTech/src/styles/origin/index.js","statementMap":{"0":{"start":{"line":1,"column":0},"end":{"line":1,"column":57}},"1":{"start":{"line":1,"column":57},"end":{"line":21,"column":12}}},"fnMap":{},"branchMap":{},"s":{"0":4,"1":4},"f":{},"b":{},"_coverageSchema":"332fd63041d2c1bcb487cc26dd0d5f7d97098a6c","hash":"650396d99848ad81af2a4931f0a1bb5cd8148acd"}
}
