TN:
SF:/Users/david/Project/ReactNativeProject/TWFinTech/TWFinTech/src/components/FormButton/index.js
FN:9,_interopRequireDefault
FN:11,FormButton
FNF:2
FNH:2
FNDA:3,_interopRequireDefault
FNDA:1,FormButton
DA:6,1
DA:7,1
DA:8,1
DA:9,3
DA:11,1
DA:18,1
LF:6
LH:6
BRDA:9,0,0,2
BRDA:9,0,1,1
BRDA:9,1,0,3
BRDA:9,1,1,3
BRDA:13,2,0,0
BRDA:13,2,1,1
BRF:6
BRH:5
end_of_record
TN:
SF:/Users/david/Project/ReactNativeProject/TWFinTech/TWFinTech/src/components/FormButton/styles.js
FN:2,_interopRequireDefault
FNF:1
FNH:1
FNDA:1,_interopRequireDefault
DA:1,1
DA:2,1
LF:2
LH:2
BRDA:2,0,0,1
BRDA:2,0,1,0
BRDA:2,1,0,1
BRDA:2,1,1,1
BRF:4
BRH:3
end_of_record
TN:
SF:/Users/david/Project/ReactNativeProject/TWFinTech/TWFinTech/src/components/Header/index.js
FN:6,_interopRequireDefault
FN:8,Header
FN:26,onPress
FN:32,onPress
FN:39,onPress
FN:62,onReturn
FN:67,onPress
FNF:7
FNH:2
FNDA:4,_interopRequireDefault
FNDA:6,Header
FNDA:0,onPress
FNDA:0,onPress
FNDA:0,onPress
FNDA:0,onReturn
FNDA:0,onPress
DA:1,1
DA:2,1
DA:3,1
DA:4,1
DA:5,1
DA:6,4
DA:8,1
DA:9,6
DA:10,6
DA:11,6
DA:12,6
DA:13,6
DA:14,6
DA:15,6
DA:16,6
DA:17,6
DA:26,0
DA:39,0
DA:48,1
DA:59,1
DA:68,1
LF:21
LH:19
BRDA:6,0,0,3
BRDA:6,0,1,1
BRDA:6,1,0,4
BRDA:6,1,1,4
BRDA:20,2,0,6
BRDA:20,2,1,0
BRDA:24,3,0,5
BRDA:24,3,1,1
BRDA:40,4,0,6
BRDA:40,4,1,4
BRDA:42,5,0,4
BRDA:42,5,1,2
BRF:12
BRH:11
end_of_record
TN:
SF:/Users/david/Project/ReactNativeProject/TWFinTech/TWFinTech/src/components/Header/styles.js
FN:3,_interopRequireDefault
FNF:1
FNH:1
FNDA:3,_interopRequireDefault
DA:1,1
DA:2,1
DA:3,3
DA:4,1
LF:4
LH:4
BRDA:3,0,0,2
BRDA:3,0,1,1
BRDA:3,1,0,3
BRDA:3,1,1,3
BRF:4
BRH:4
end_of_record
TN:
SF:/Users/david/Project/ReactNativeProject/TWFinTech/TWFinTech/src/components/ItemCheckbox/index.js
FN:13,_interopRequireDefault
FN:15,ItemCheckbox
FN:93,onCheck
FN:94,onUncheck
FNF:4
FNH:2
FNDA:2,_interopRequireDefault
FNDA:4,ItemCheckbox
FNDA:0,onCheck
FNDA:0,onUncheck
DA:9,1
DA:11,1
DA:12,1
DA:13,2
DA:15,1
DA:16,4
DA:17,4
DA:18,4
DA:19,4
DA:20,4
DA:21,4
DA:22,4
DA:23,4
DA:24,4
DA:25,4
DA:26,4
DA:27,4
DA:77,1
DA:92,1
DA:104,1
LF:20
LH:20
BRDA:13,0,0,0
BRDA:13,0,1,2
BRDA:13,1,0,2
BRDA:13,1,1,2
BRDA:31,2,0,2
BRDA:31,2,1,2
BRDA:33,3,0,1
BRDA:33,3,1,1
BRDA:57,4,0,2
BRDA:57,4,1,2
BRF:10
BRH:9
end_of_record
TN:
SF:/Users/david/Project/ReactNativeProject/TWFinTech/TWFinTech/src/components/LoginForm/index.js
FN:13,_interopRequireDefault
FN:23,LoginForm
FN:135,ref
FNF:3
FNH:3
FNDA:4,_interopRequireDefault
FNDA:12,LoginForm
FNDA:12,ref
DA:9,1
DA:10,1
DA:11,1
DA:12,1
DA:13,4
DA:15,1
DA:21,1
DA:23,1
DA:28,12
DA:36,12
DA:43,12
DA:52,12
DA:61,12
DA:63,12
DA:73,12
DA:83,12
DA:84,12
DA:90,4
DA:96,4
DA:97,4
DA:98,4
DA:99,4
DA:100,4
DA:101,4
DA:102,4
DA:109,5
DA:113,5
DA:114,5
DA:115,5
DA:116,5
DA:117,5
DA:118,5
DA:125,3
DA:128,3
DA:129,3
DA:130,3
DA:131,3
DA:134,12
DA:135,12
DA:143,1
DA:147,1
LF:41
LH:41
BRDA:13,0,0,1
BRDA:13,0,1,3
BRDA:13,1,0,4
BRDA:13,1,1,4
BRDA:84,2,0,4
BRDA:84,2,1,5
BRDA:84,2,2,3
BRF:7
BRH:7
end_of_record
TN:
SF:/Users/david/Project/ReactNativeProject/TWFinTech/TWFinTech/src/components/LoginForm/styles.js
FN:4,_interopRequireDefault
FNF:1
FNH:1
FNDA:1,_interopRequireDefault
DA:4,1
DA:6,1
DA:7,1
DA:8,1
DA:9,1
DA:10,1
DA:11,1
DA:12,1
DA:13,1
DA:14,1
DA:16,1
DA:179,1
LF:12
LH:12
BRDA:4,0,0,1
BRDA:4,0,1,0
BRDA:4,1,0,1
BRDA:4,1,1,1
BRF:4
BRH:3
end_of_record
TN:
SF:/Users/david/Project/ReactNativeProject/TWFinTech/TWFinTech/src/components/TabBar/index.js
FN:7,_interopRequireDefault
FN:9,TabBar
FN:24,renderTabBar
FN:54,onChangeTab
FNF:4
FNH:3
FNDA:4,_interopRequireDefault
FNDA:2,TabBar
FNDA:2,renderTabBar
FNDA:0,onChangeTab
DA:2,1
DA:3,1
DA:4,1
DA:5,1
DA:6,1
DA:7,4
DA:9,1
DA:10,2
DA:11,2
DA:12,2
DA:13,2
DA:14,2
DA:15,2
DA:16,2
DA:17,2
DA:18,2
DA:24,2
DA:37,1
DA:47,1
DA:55,1
LF:20
LH:20
BRDA:7,0,0,2
BRDA:7,0,1,2
BRDA:7,1,0,4
BRDA:7,1,1,4
BRF:4
BRH:4
end_of_record
TN:
SF:/Users/david/Project/ReactNativeProject/TWFinTech/TWFinTech/src/components/TabBar/styles.js
FN:2,_interopRequireDefault
FNF:1
FNH:1
FNDA:1,_interopRequireDefault
DA:1,1
DA:2,1
LF:2
LH:2
BRDA:2,0,0,1
BRDA:2,0,1,0
BRDA:2,1,0,1
BRDA:2,1,1,1
BRF:4
BRH:3
end_of_record
TN:
SF:/Users/david/Project/ReactNativeProject/TWFinTech/TWFinTech/src/components/TouchableIcon/index.js
FN:6,_interopRequireDefault
FN:8,TouchableIcon
FN:22,onPress
FN:62,onPress
FNF:4
FNH:2
FNDA:3,_interopRequireDefault
FNDA:12,TouchableIcon
FNDA:0,onPress
FNDA:0,onPress
DA:1,1
DA:3,1
DA:4,1
DA:5,1
DA:6,3
DA:8,1
DA:9,12
DA:10,12
DA:11,12
DA:12,12
DA:13,12
DA:14,12
DA:15,12
DA:16,12
DA:17,12
DA:18,12
DA:22,0
DA:46,1
DA:57,1
DA:66,1
LF:20
LH:19
BRDA:6,0,0,1
BRDA:6,0,1,2
BRDA:6,1,0,3
BRDA:6,1,1,3
BRDA:33,2,0,12
BRDA:33,2,1,0
BRDA:35,3,0,0
BRDA:35,3,1,12
BRDA:38,4,0,0
BRDA:38,4,1,0
BRF:10
BRH:6
end_of_record
TN:
SF:/Users/david/Project/ReactNativeProject/TWFinTech/TWFinTech/src/lib/constants.js
FN:1,_interopRequireDefault
FNF:1
FNH:1
FNDA:3,_interopRequireDefault
DA:1,3
LF:1
LH:1
BRDA:1,0,0,0
BRDA:1,0,1,3
BRDA:1,1,0,3
BRDA:1,1,1,3
BRF:4
BRH:3
end_of_record
TN:
SF:/Users/david/Project/ReactNativeProject/TWFinTech/TWFinTech/src/lib/i18n/index.js
FN:2,_interopRequireDefault
FNF:1
FNH:1
FNDA:4,_interopRequireDefault
DA:1,2
DA:2,4
DA:4,2
DA:5,2
LF:4
LH:4
BRDA:2,0,0,2
BRDA:2,0,1,2
BRDA:2,1,0,4
BRDA:2,1,1,4
BRF:4
BRH:4
end_of_record
TN:
SF:/Users/david/Project/ReactNativeProject/TWFinTech/TWFinTech/src/lib/i18n/zh-TW/index.js
FNF:0
FNH:0
DA:1,2
LF:1
LH:1
BRF:0
BRH:0
end_of_record
TN:
SF:/Users/david/Project/ReactNativeProject/TWFinTech/TWFinTech/src/reducers/auth/authFieldValidation.js
FN:56,_interopRequireDefault
FN:56,fieldValidation
FNF:2
FNH:2
FNDA:3,_interopRequireDefault
FNDA:42,fieldValidation
DA:9,1
DA:56,3
DA:57,42
DA:59,42
DA:65,9
DA:67,9
DA:68,3
DA:72,6
DA:82,15
DA:84,15
DA:85,5
DA:87,10
DA:97,16
DA:99,16
DA:100,4
DA:105,12
DA:115,2
DA:117,2
DA:118,1
DA:122,1
DA:133,0
DA:136,0
LF:22
LH:20
BRDA:56,0,0,1
BRDA:56,0,1,2
BRDA:56,1,0,3
BRDA:56,1,1,3
BRDA:59,2,0,9
BRDA:59,2,1,15
BRDA:59,2,2,16
BRDA:59,2,3,2
BRDA:59,2,4,0
BRDA:67,3,0,3
BRDA:67,3,1,6
BRDA:84,4,0,5
BRDA:84,4,1,10
BRDA:99,5,0,4
BRDA:99,5,1,12
BRDA:117,6,0,1
BRDA:117,6,1,1
BRF:17
BRH:16
end_of_record
TN:
SF:/Users/david/Project/ReactNativeProject/TWFinTech/TWFinTech/src/reducers/auth/authFormValidation.js
FN:24,formValidation
FNF:1
FNH:1
FNDA:53,formValidation
DA:9,1
DA:24,1
DA:25,53
DA:30,45
DA:38,2
DA:40,43
DA:46,3
DA:50,1
DA:52,2
DA:58,3
DA:60,1
DA:62,2
DA:69,2
LF:13
LH:13
BRDA:25,0,0,45
BRDA:25,0,1,3
BRDA:25,0,2,3
BRDA:30,1,0,2
BRDA:30,1,1,43
BRDA:30,2,0,45
BRDA:30,2,1,18
BRDA:30,2,2,8
BRDA:30,2,3,6
BRDA:30,2,4,4
BRDA:30,2,5,2
BRDA:30,2,6,2
BRDA:30,2,7,2
BRDA:46,3,0,1
BRDA:46,3,1,2
BRDA:46,4,0,3
BRDA:46,4,1,1
BRDA:46,4,2,1
BRDA:46,4,3,1
BRDA:58,5,0,1
BRDA:58,5,1,2
BRDA:58,6,0,3
BRDA:58,6,1,2
BRF:23
BRH:23
end_of_record
TN:
SF:/Users/david/Project/ReactNativeProject/TWFinTech/TWFinTech/src/reducers/auth/authInitialState.js
FNF:0
FNH:0
DA:11,1
DA:15,1
DA:18,1
DA:25,1
DA:52,1
DA:54,1
LF:6
LH:6
BRF:0
BRH:0
end_of_record
TN:
SF:/Users/david/Project/ReactNativeProject/TWFinTech/TWFinTech/src/reducers/auth/authReducer.js
FN:57,_interopRequireDefault
FN:57,authReducer
FNF:2
FNH:2
FNDA:3,_interopRequireDefault
FNDA:87,authReducer
DA:6,1
DA:57,87
DA:58,87
DA:60,87
DA:69,4
DA:78,2
DA:97,9
DA:111,42
DA:112,42
DA:115,42
DA:127,4
DA:138,4
DA:142,2
DA:145,1
DA:148,2
DA:149,2
DA:166,17
LF:17
LH:17
BRDA:57,0,0,3
BRDA:57,0,1,0
BRDA:57,1,0,3
BRDA:57,1,1,3
BRDA:57,2,0,58
BRDA:57,2,1,29
BRDA:57,3,0,87
BRDA:57,3,1,87
BRDA:58,4,0,0
BRDA:58,4,1,87
BRDA:60,5,0,1
BRDA:60,5,1,2
BRDA:60,5,2,3
BRDA:60,5,3,4
BRDA:60,5,4,2
BRDA:60,5,5,3
BRDA:60,5,6,6
BRDA:60,5,7,9
BRDA:60,5,8,42
BRDA:60,5,9,1
BRDA:60,5,10,2
BRDA:60,5,11,3
BRDA:60,5,12,4
BRDA:60,5,13,1
BRDA:60,5,14,2
BRDA:60,5,15,3
BRDA:60,5,16,4
BRDA:60,5,17,2
BRDA:60,5,18,1
BRDA:60,5,19,2
BRF:30
BRH:28
end_of_record
TN:
SF:/Users/david/Project/ReactNativeProject/TWFinTech/TWFinTech/src/reducers/device/deviceInitialState.js
FNF:0
FNH:0
DA:11,1
DA:12,1
DA:14,1
DA:17,1
LF:4
LH:4
BRF:0
BRH:0
end_of_record
TN:
SF:/Users/david/Project/ReactNativeProject/TWFinTech/TWFinTech/src/reducers/device/deviceReducer.js
FN:29,_interopRequireDefault
FN:29,deviceReducer
FNF:2
FNH:2
FNDA:1,_interopRequireDefault
FNDA:6,deviceReducer
DA:6,1
DA:29,6
DA:30,6
DA:32,6
DA:39,1
DA:40,1
DA:47,1
DA:48,1
DA:51,4
LF:9
LH:9
BRDA:29,0,0,1
BRDA:29,0,1,0
BRDA:29,1,0,1
BRDA:29,1,1,1
BRDA:29,2,0,1
BRDA:29,2,1,5
BRDA:29,3,0,6
BRDA:29,3,1,6
BRDA:30,4,0,0
BRDA:30,4,1,6
BRDA:32,5,0,1
BRDA:32,5,1,1
BRF:12
BRH:10
end_of_record
TN:
SF:/Users/david/Project/ReactNativeProject/TWFinTech/TWFinTech/src/styles/StyleSheet.js
FN:1,(anonymous_0)
FN:1,(anonymous_1)
FN:1,defineProperties
FN:1,(anonymous_3)
FN:3,_objectWithoutProperties
FN:3,_classCallCheck
FN:5,(anonymous_6)
FN:5,StyleSheet
FN:5,create
FN:8,(anonymous_9)
FNF:10
FNH:7
FNDA:0,(anonymous_0)
FNDA:1,(anonymous_1)
FNDA:1,defineProperties
FNDA:1,(anonymous_3)
FNDA:4,_objectWithoutProperties
FNDA:0,_classCallCheck
FNDA:1,(anonymous_6)
FNDA:0,StyleSheet
FNDA:1,create
FNDA:4,(anonymous_9)
DA:1,1
DA:3,18
DA:5,1
DA:7,1
DA:8,4
DA:9,4
DA:10,4
DA:11,4
DA:12,4
DA:13,4
DA:15,1
DA:16,1
LF:12
LH:12
BRDA:1,0,0,1
BRDA:1,0,1,0
BRDA:1,1,0,0
BRDA:1,1,1,0
BRDA:1,2,0,1
BRDA:1,2,1,1
BRDA:1,3,0,1
BRDA:1,3,1,0
BRDA:1,4,0,0
BRDA:1,4,1,1
BRDA:1,5,0,1
BRDA:1,5,1,0
BRDA:3,6,0,2
BRDA:3,6,1,16
BRDA:3,7,0,0
BRDA:3,7,1,16
BRDA:3,8,0,0
BRDA:3,8,1,0
BRDA:11,9,0,1
BRDA:11,9,1,3
BRDA:11,10,0,4
BRDA:11,10,1,1
BRDA:12,11,0,0
BRDA:12,11,1,4
BRDA:12,12,0,4
BRDA:12,12,1,1
BRF:26
BRH:16
end_of_record
TN:
SF:/Users/david/Project/ReactNativeProject/TWFinTech/TWFinTech/src/styles/index.js
FN:1,(anonymous_0)
FN:1,_interopRequireDefault
FNF:2
FNH:1
FNDA:0,(anonymous_0)
FNDA:4,_interopRequireDefault
DA:1,4
LF:1
LH:1
BRDA:1,0,0,4
BRDA:1,0,1,0
BRDA:1,1,0,0
BRDA:1,1,1,0
BRDA:1,2,0,4
BRDA:1,2,1,0
BRDA:1,3,0,4
BRDA:1,3,1,4
BRF:8
BRH:4
end_of_record
TN:
SF:/Users/david/Project/ReactNativeProject/TWFinTech/TWFinTech/src/styles/origin/index.js
FNF:0
FNH:0
DA:1,4
LF:1
LH:1
BRF:0
BRH:0
end_of_record
